2022.05.19 18:10:37 INFO  ce[][o.s.p.ProcessEntryPoint] Starting ce
2022.05.19 18:10:37 INFO  ce[][o.s.ce.app.CeServer] Compute Engine starting up...
2022.05.19 18:10:38 INFO  ce[][o.e.p.PluginsService] no modules loaded
2022.05.19 18:10:38 INFO  ce[][o.e.p.PluginsService] loaded plugin [org.elasticsearch.join.ParentJoinPlugin]
2022.05.19 18:10:38 INFO  ce[][o.e.p.PluginsService] loaded plugin [org.elasticsearch.percolator.PercolatorPlugin]
2022.05.19 18:10:38 INFO  ce[][o.e.p.PluginsService] loaded plugin [org.elasticsearch.transport.Netty4Plugin]
2022.05.19 18:10:40 INFO  ce[][o.s.s.e.EsClientProvider] Connected to local Elasticsearch: [127.0.0.1:9001]
2022.05.19 18:10:40 INFO  ce[][o.sonar.db.Database] Create JDBC data source for jdbc:h2:tcp://127.0.0.1:9092/sonar
2022.05.19 18:10:40 WARN  ce[][o.s.db.dialect.H2] H2 database should be used for evaluation purpose only.
2022.05.19 18:10:42 INFO  ce[][o.s.s.p.ServerFileSystemImpl] SonarQube home: /home/alumno/Descargas/sonarqube-7.8
2022.05.19 18:10:42 INFO  ce[][o.s.c.c.CePluginRepository] Load plugins
2022.05.19 18:10:45 INFO  ce[][o.s.c.c.ComputeEngineContainerImpl] Running Community edition
2022.05.19 18:10:45 INFO  ce[][o.s.ce.app.CeServer] Compute Engine is operational
2022.05.19 18:35:43 WARN  ce[][o.e.t.OutboundHandler] send message failed [channel: Netty4TcpChannel{localAddress=0.0.0.0/0.0.0.0:60276, remoteAddress=/127.0.0.1:9001}]
java.nio.channels.ClosedChannelException: null
	at io.netty.channel.AbstractChannel$AbstractUnsafe.write(...)(Unknown Source)
2022.05.19 18:36:34 WARN  ce[][o.e.t.OutboundHandler] send message failed [channel: Netty4TcpChannel{localAddress=0.0.0.0/0.0.0.0:60276, remoteAddress=/127.0.0.1:9001}]
java.nio.channels.ClosedChannelException: null
	at io.netty.channel.AbstractChannel$AbstractUnsafe.write(...)(Unknown Source)
2022.05.19 18:40:37 WARN  ce[][o.e.t.TransportService] Received response for a request that has timed out, sent [34387ms] ago, timed out [29164ms] ago, action [cluster:monitor/nodes/liveness], node [{#transport#-1}{jCQnesyWQXyj-ngSiU-IWQ}{127.0.0.1}{127.0.0.1:9001}], id [402]
2022.05.19 18:40:37 INFO  ce[][o.e.c.t.TransportClientNodesService] failed to get node info for {#transport#-1}{jCQnesyWQXyj-ngSiU-IWQ}{127.0.0.1}{127.0.0.1:9001}, disconnecting...
org.elasticsearch.transport.ReceiveTimeoutTransportException: [][127.0.0.1:9001][cluster:monitor/nodes/liveness] request_id [402] timed out after [5223ms]
	at org.elasticsearch.transport.TransportService$TimeoutHandler.run(TransportService.java:1016)
	at org.elasticsearch.common.util.concurrent.ThreadContext$ContextPreservingRunnable.run(ThreadContext.java:681)
	at java.base/java.util.concurrent.ThreadPoolExecutor.runWorker(ThreadPoolExecutor.java:1128)
	at java.base/java.util.concurrent.ThreadPoolExecutor$Worker.run(ThreadPoolExecutor.java:628)
	at java.base/java.lang.Thread.run(Thread.java:829)
2022.05.19 18:40:37 INFO  ce[][o.s.p.ProcessEntryPoint] Gracefully stopping process
2022.05.19 18:40:37 INFO  ce[][o.s.ce.app.CeServer] Compute Engine is stopping...
2022.05.19 18:40:37 INFO  ce[][o.s.c.t.CeProcessingSchedulerImpl] Gracefully stopping workers...
2022.05.19 18:40:37 INFO  ce[][o.s.ce.app.CeServer] Compute Engine is stopped
2022.05.19 18:44:28 INFO  ce[][o.s.p.ProcessEntryPoint] Starting ce
2022.05.19 18:44:28 INFO  ce[][o.s.ce.app.CeServer] Compute Engine starting up...
2022.05.19 18:44:28 INFO  ce[][o.e.p.PluginsService] no modules loaded
2022.05.19 18:44:28 INFO  ce[][o.e.p.PluginsService] loaded plugin [org.elasticsearch.join.ParentJoinPlugin]
2022.05.19 18:44:28 INFO  ce[][o.e.p.PluginsService] loaded plugin [org.elasticsearch.percolator.PercolatorPlugin]
2022.05.19 18:44:28 INFO  ce[][o.e.p.PluginsService] loaded plugin [org.elasticsearch.transport.Netty4Plugin]
2022.05.19 18:44:31 INFO  ce[][o.s.s.e.EsClientProvider] Connected to local Elasticsearch: [127.0.0.1:9001]
2022.05.19 18:44:31 INFO  ce[][o.sonar.db.Database] Create JDBC data source for jdbc:h2:tcp://127.0.0.1:9092/sonar
2022.05.19 18:44:31 WARN  ce[][o.s.db.dialect.H2] H2 database should be used for evaluation purpose only.
2022.05.19 18:44:34 INFO  ce[][o.s.s.p.ServerFileSystemImpl] SonarQube home: /home/alumno/Descargas/sonarqube-7.8
2022.05.19 18:44:34 INFO  ce[][o.s.c.c.CePluginRepository] Load plugins
2022.05.19 18:44:36 INFO  ce[][o.s.c.c.ComputeEngineContainerImpl] Running Community edition
2022.05.19 18:44:36 INFO  ce[][o.s.ce.app.CeServer] Compute Engine is operational
2022.05.19 18:51:59 INFO  ce[][o.s.c.t.CeWorkerImpl] Execute task | project=gpi2 | type=REPORT | id=AYDdO7No_7G1xAxUEMYk
2022.05.19 18:52:00 INFO  ce[AYDdO7No_7G1xAxUEMYk][o.s.c.t.s.ComputationStepExecutor] Extract report | status=SUCCESS | time=19ms
2022.05.19 18:52:00 INFO  ce[AYDdO7No_7G1xAxUEMYk][o.s.c.t.s.ComputationStepExecutor] Persist scanner context | status=SUCCESS | time=15ms
2022.05.19 18:52:00 INFO  ce[AYDdO7No_7G1xAxUEMYk][o.s.c.t.s.ComputationStepExecutor] Propagate analysis warnings from scanner report | status=SUCCESS | time=56ms
2022.05.19 18:52:00 INFO  ce[AYDdO7No_7G1xAxUEMYk][o.s.c.t.s.ComputationStepExecutor] Execute DB migrations for current project | status=SUCCESS | time=8ms
2022.05.19 18:52:00 INFO  ce[AYDdO7No_7G1xAxUEMYk][o.s.c.t.s.ComputationStepExecutor] Generate analysis UUID | status=SUCCESS | time=0ms
2022.05.19 18:52:00 INFO  ce[AYDdO7No_7G1xAxUEMYk][o.s.c.t.s.ComputationStepExecutor] Load analysis metadata | status=SUCCESS | time=183ms
2022.05.19 18:52:00 INFO  ce[AYDdO7No_7G1xAxUEMYk][o.s.c.t.s.ComputationStepExecutor] Initialize | status=SUCCESS | time=0ms
2022.05.19 18:52:00 INFO  ce[AYDdO7No_7G1xAxUEMYk][o.s.c.t.s.ComputationStepExecutor] Verify billing | status=SUCCESS | time=0ms
2022.05.19 18:52:00 INFO  ce[AYDdO7No_7G1xAxUEMYk][o.s.c.t.s.ComputationStepExecutor] Build tree of components | components=14 | status=SUCCESS | time=65ms
2022.05.19 18:52:00 INFO  ce[AYDdO7No_7G1xAxUEMYk][o.s.c.t.s.ComputationStepExecutor] Validate project | status=SUCCESS | time=13ms
2022.05.19 18:52:01 INFO  ce[AYDdO7No_7G1xAxUEMYk][o.s.c.t.s.ComputationStepExecutor] Load quality profiles | status=SUCCESS | time=1114ms
2022.05.19 18:52:01 INFO  ce[AYDdO7No_7G1xAxUEMYk][o.s.c.t.s.ComputationStepExecutor] Load Quality gate | status=SUCCESS | time=31ms
2022.05.19 18:52:01 INFO  ce[AYDdO7No_7G1xAxUEMYk][o.s.c.t.s.ComputationStepExecutor] Load new code period | status=SUCCESS | time=0ms
2022.05.19 18:52:01 INFO  ce[AYDdO7No_7G1xAxUEMYk][o.s.c.t.s.ComputationStepExecutor] Detect file moves | status=SUCCESS | time=0ms
2022.05.19 18:52:01 INFO  ce[AYDdO7No_7G1xAxUEMYk][o.s.c.t.s.ComputationStepExecutor] Load duplications | duplications=0 | status=SUCCESS | time=3ms
2022.05.19 18:52:01 INFO  ce[AYDdO7No_7G1xAxUEMYk][o.s.c.t.s.ComputationStepExecutor] Compute cross project duplications | status=SUCCESS | time=0ms
2022.05.19 18:52:01 INFO  ce[AYDdO7No_7G1xAxUEMYk][o.s.c.t.s.ComputationStepExecutor] Compute size measures | status=SUCCESS | time=13ms
2022.05.19 18:52:01 INFO  ce[AYDdO7No_7G1xAxUEMYk][o.s.c.t.s.ComputationStepExecutor] Compute new coverage | status=SUCCESS | time=13ms
2022.05.19 18:52:01 INFO  ce[AYDdO7No_7G1xAxUEMYk][o.s.c.t.s.ComputationStepExecutor] Compute coverage measures | status=SUCCESS | time=10ms
2022.05.19 18:52:01 INFO  ce[AYDdO7No_7G1xAxUEMYk][o.s.c.t.s.ComputationStepExecutor] Compute comment measures | status=SUCCESS | time=6ms
2022.05.19 18:52:01 INFO  ce[AYDdO7No_7G1xAxUEMYk][o.s.c.t.s.ComputationStepExecutor] Copy custom measures | status=SUCCESS | time=4ms
2022.05.19 18:52:01 INFO  ce[AYDdO7No_7G1xAxUEMYk][o.s.c.t.s.ComputationStepExecutor] Compute duplication measures | status=SUCCESS | time=2ms
2022.05.19 18:52:01 INFO  ce[AYDdO7No_7G1xAxUEMYk][o.s.c.t.s.ComputationStepExecutor] Compute size measures on new code | status=SUCCESS | time=1ms
2022.05.19 18:52:02 INFO  ce[AYDdO7No_7G1xAxUEMYk][o.s.c.t.s.ComputationStepExecutor] Compute language distribution | status=SUCCESS | time=19ms
2022.05.19 18:52:02 INFO  ce[AYDdO7No_7G1xAxUEMYk][o.s.c.t.s.ComputationStepExecutor] Compute test measures | status=SUCCESS | time=1ms
2022.05.19 18:52:02 INFO  ce[AYDdO7No_7G1xAxUEMYk][o.s.c.t.s.ComputationStepExecutor] Compute complexity measures | status=SUCCESS | time=3ms
2022.05.19 18:52:02 INFO  ce[AYDdO7No_7G1xAxUEMYk][o.s.c.t.s.ComputationStepExecutor] Load measure computers | status=SUCCESS | time=2ms
2022.05.19 18:52:02 INFO  ce[AYDdO7No_7G1xAxUEMYk][o.s.c.t.s.ComputationStepExecutor] Compute Quality Profile status | status=SUCCESS | time=4ms
2022.05.19 18:52:02 INFO  ce[AYDdO7No_7G1xAxUEMYk][o.s.c.t.s.ComputationStepExecutor] Execute component visitors | status=SUCCESS | time=260ms
2022.05.19 18:52:02 INFO  ce[AYDdO7No_7G1xAxUEMYk][o.s.c.t.s.ComputationStepExecutor] Checks executed after computation of measures | status=SUCCESS | time=0ms
2022.05.19 18:52:02 INFO  ce[AYDdO7No_7G1xAxUEMYk][o.s.c.t.s.ComputationStepExecutor] Compute Quality Gate measures | status=SUCCESS | time=38ms
2022.05.19 18:52:02 INFO  ce[AYDdO7No_7G1xAxUEMYk][o.s.c.t.s.ComputationStepExecutor] Compute Quality profile measures | status=SUCCESS | time=8ms
2022.05.19 18:52:02 INFO  ce[AYDdO7No_7G1xAxUEMYk][o.s.c.t.s.ComputationStepExecutor] Generate Quality profile events | status=SUCCESS | time=2ms
2022.05.19 18:52:02 INFO  ce[AYDdO7No_7G1xAxUEMYk][o.s.c.t.s.ComputationStepExecutor] Generate Quality gate events | status=SUCCESS | time=8ms
2022.05.19 18:52:02 INFO  ce[AYDdO7No_7G1xAxUEMYk][o.s.c.t.s.ComputationStepExecutor] Persist components | status=SUCCESS | time=49ms
2022.05.19 18:52:02 INFO  ce[AYDdO7No_7G1xAxUEMYk][o.s.c.t.s.ComputationStepExecutor] Persist analysis | status=SUCCESS | time=3ms
2022.05.19 18:52:02 INFO  ce[AYDdO7No_7G1xAxUEMYk][o.s.c.t.s.ComputationStepExecutor] Persist analysis properties | status=SUCCESS | time=1ms
2022.05.19 18:52:02 INFO  ce[AYDdO7No_7G1xAxUEMYk][o.s.c.t.s.ComputationStepExecutor] Persist measures | inserts=49 | status=SUCCESS | time=25ms
2022.05.19 18:52:02 INFO  ce[AYDdO7No_7G1xAxUEMYk][o.s.c.t.s.ComputationStepExecutor] Persist live measures | insertsOrUpdates=399 | status=SUCCESS | time=346ms
2022.05.19 18:52:02 INFO  ce[AYDdO7No_7G1xAxUEMYk][o.s.c.t.s.ComputationStepExecutor] Persist duplication data | insertsOrUpdates=0 | status=SUCCESS | time=1ms
2022.05.19 18:52:02 INFO  ce[AYDdO7No_7G1xAxUEMYk][o.s.c.t.s.ComputationStepExecutor] Persist new ad hoc Rules | status=SUCCESS | time=0ms
2022.05.19 18:52:02 INFO  ce[AYDdO7No_7G1xAxUEMYk][o.s.c.t.s.ComputationStepExecutor] Persist issues | inserts=3 | updates=0 | merged=0 | untouched=0 | status=SUCCESS | time=30ms
2022.05.19 18:52:02 INFO  ce[AYDdO7No_7G1xAxUEMYk][o.s.c.t.s.ComputationStepExecutor] Persist project links | status=SUCCESS | time=12ms
2022.05.19 18:52:02 INFO  ce[AYDdO7No_7G1xAxUEMYk][o.s.c.t.s.ComputationStepExecutor] Persist events | status=SUCCESS | time=18ms
2022.05.19 18:52:03 INFO  ce[AYDdO7No_7G1xAxUEMYk][o.s.c.t.s.ComputationStepExecutor] Persist sources | status=SUCCESS | time=106ms
2022.05.19 18:52:03 INFO  ce[AYDdO7No_7G1xAxUEMYk][o.s.c.t.s.ComputationStepExecutor] Persist cross project duplications | status=SUCCESS | time=0ms
2022.05.19 18:52:03 INFO  ce[AYDdO7No_7G1xAxUEMYk][o.s.c.t.s.ComputationStepExecutor] Enable analysis | status=SUCCESS | time=3ms
2022.05.19 18:52:03 INFO  ce[AYDdO7No_7G1xAxUEMYk][o.s.c.t.s.ComputationStepExecutor] Update last usage date of quality profiles | status=SUCCESS | time=13ms
2022.05.19 18:52:03 INFO  ce[AYDdO7No_7G1xAxUEMYk][o.s.c.t.s.ComputationStepExecutor] Purge db | status=SUCCESS | time=113ms
2022.05.19 18:52:03 INFO  ce[AYDdO7No_7G1xAxUEMYk][o.s.c.t.s.ComputationStepExecutor] Index analysis | status=SUCCESS | time=844ms
2022.05.19 18:52:03 INFO  ce[AYDdO7No_7G1xAxUEMYk][o.s.c.t.s.ComputationStepExecutor] Send issue notifications | newIssuesNotifs=0 | newIssuesDeliveries=0 | myNewIssuesNotifs=0 | myNewIssuesDeliveries=0 | changesNotifs=0 | changesDeliveries=0 | status=SUCCESS | time=3ms
2022.05.19 18:52:03 INFO  ce[AYDdO7No_7G1xAxUEMYk][o.s.c.t.s.ComputationStepExecutor] Publish task results | status=SUCCESS | time=0ms
2022.05.19 18:52:04 INFO  ce[AYDdO7No_7G1xAxUEMYk][o.s.c.t.s.ComputationStepExecutor] Trigger refresh of Portfolios and Applications | status=SUCCESS | time=0ms
2022.05.19 18:52:04 INFO  ce[AYDdO7No_7G1xAxUEMYk][o.s.c.t.CeWorkerImpl] Executed task | project=gpi2 | type=REPORT | id=AYDdO7No_7G1xAxUEMYk | status=SUCCESS | time=4185ms
2022.05.19 19:23:00 WARN  ce[][o.e.t.OutboundHandler] send message failed [channel: Netty4TcpChannel{localAddress=0.0.0.0/0.0.0.0:53648, remoteAddress=/127.0.0.1:9001}]
java.nio.channels.ClosedChannelException: null
	at io.netty.channel.AbstractChannel$AbstractUnsafe.write(...)(Unknown Source)
