2022.05.25 09:20:18 INFO  ce[][o.s.p.ProcessEntryPoint] Starting ce
2022.05.25 09:20:18 INFO  ce[][o.s.ce.app.CeServer] Compute Engine starting up...
2022.05.25 09:20:19 INFO  ce[][o.e.p.PluginsService] no modules loaded
2022.05.25 09:20:19 INFO  ce[][o.e.p.PluginsService] loaded plugin [org.elasticsearch.join.ParentJoinPlugin]
2022.05.25 09:20:19 INFO  ce[][o.e.p.PluginsService] loaded plugin [org.elasticsearch.percolator.PercolatorPlugin]
2022.05.25 09:20:19 INFO  ce[][o.e.p.PluginsService] loaded plugin [org.elasticsearch.transport.Netty4Plugin]
2022.05.25 09:20:21 INFO  ce[][o.s.s.e.EsClientProvider] Connected to local Elasticsearch: [127.0.0.1:9001]
2022.05.25 09:20:21 INFO  ce[][o.sonar.db.Database] Create JDBC data source for jdbc:h2:tcp://127.0.0.1:9092/sonar
2022.05.25 09:20:21 WARN  ce[][o.s.db.dialect.H2] H2 database should be used for evaluation purpose only.
2022.05.25 09:20:22 INFO  ce[][o.s.s.p.ServerFileSystemImpl] SonarQube home: /home/alumno/Escritorio/GPI/sonarqube-7.8
2022.05.25 09:20:22 INFO  ce[][o.s.c.c.CePluginRepository] Load plugins
2022.05.25 09:20:24 INFO  ce[][o.s.c.c.ComputeEngineContainerImpl] Running Community edition
2022.05.25 09:20:24 INFO  ce[][o.s.ce.app.CeServer] Compute Engine is operational
2022.05.25 09:24:27 INFO  ce[][o.s.c.t.CeWorkerImpl] Execute task | project=webview-android2 | type=REPORT | id=AYD6GkBU8paB_hvsUe-2
2022.05.25 09:24:28 INFO  ce[AYD6GkBU8paB_hvsUe-2][o.s.c.t.s.ComputationStepExecutor] Extract report | status=SUCCESS | time=35ms
2022.05.25 09:24:28 INFO  ce[AYD6GkBU8paB_hvsUe-2][o.s.c.t.s.ComputationStepExecutor] Persist scanner context | status=SUCCESS | time=32ms
2022.05.25 09:24:28 INFO  ce[AYD6GkBU8paB_hvsUe-2][o.s.c.t.s.ComputationStepExecutor] Propagate analysis warnings from scanner report | status=SUCCESS | time=34ms
2022.05.25 09:24:28 INFO  ce[AYD6GkBU8paB_hvsUe-2][o.s.c.t.s.ComputationStepExecutor] Execute DB migrations for current project | status=SUCCESS | time=6ms
2022.05.25 09:24:28 INFO  ce[AYD6GkBU8paB_hvsUe-2][o.s.c.t.s.ComputationStepExecutor] Generate analysis UUID | status=SUCCESS | time=0ms
2022.05.25 09:24:28 INFO  ce[AYD6GkBU8paB_hvsUe-2][o.s.c.t.s.ComputationStepExecutor] Load analysis metadata | status=SUCCESS | time=158ms
2022.05.25 09:24:28 INFO  ce[AYD6GkBU8paB_hvsUe-2][o.s.c.t.s.ComputationStepExecutor] Initialize | status=SUCCESS | time=0ms
2022.05.25 09:24:28 INFO  ce[AYD6GkBU8paB_hvsUe-2][o.s.c.t.s.ComputationStepExecutor] Verify billing | status=SUCCESS | time=0ms
2022.05.25 09:24:28 INFO  ce[AYD6GkBU8paB_hvsUe-2][o.s.c.t.s.ComputationStepExecutor] Build tree of components | components=14 | status=SUCCESS | time=43ms
2022.05.25 09:24:28 INFO  ce[AYD6GkBU8paB_hvsUe-2][o.s.c.t.s.ComputationStepExecutor] Validate project | status=SUCCESS | time=6ms
2022.05.25 09:24:30 INFO  ce[AYD6GkBU8paB_hvsUe-2][o.s.c.t.s.ComputationStepExecutor] Load quality profiles | status=SUCCESS | time=1731ms
2022.05.25 09:24:30 INFO  ce[AYD6GkBU8paB_hvsUe-2][o.s.c.t.s.ComputationStepExecutor] Load Quality gate | status=SUCCESS | time=35ms
2022.05.25 09:24:30 INFO  ce[AYD6GkBU8paB_hvsUe-2][o.s.c.t.s.ComputationStepExecutor] Load new code period | status=SUCCESS | time=0ms
2022.05.25 09:24:30 INFO  ce[AYD6GkBU8paB_hvsUe-2][o.s.c.t.s.ComputationStepExecutor] Detect file moves | status=SUCCESS | time=0ms
2022.05.25 09:24:30 INFO  ce[AYD6GkBU8paB_hvsUe-2][o.s.c.t.s.ComputationStepExecutor] Load duplications | duplications=0 | status=SUCCESS | time=3ms
2022.05.25 09:24:30 INFO  ce[AYD6GkBU8paB_hvsUe-2][o.s.c.t.s.ComputationStepExecutor] Compute cross project duplications | status=SUCCESS | time=0ms
2022.05.25 09:24:30 INFO  ce[AYD6GkBU8paB_hvsUe-2][o.s.c.t.s.ComputationStepExecutor] Compute size measures | status=SUCCESS | time=16ms
2022.05.25 09:24:30 INFO  ce[AYD6GkBU8paB_hvsUe-2][o.s.c.t.s.ComputationStepExecutor] Compute new coverage | status=SUCCESS | time=8ms
2022.05.25 09:24:30 INFO  ce[AYD6GkBU8paB_hvsUe-2][o.s.c.t.s.ComputationStepExecutor] Compute coverage measures | status=SUCCESS | time=5ms
2022.05.25 09:24:30 INFO  ce[AYD6GkBU8paB_hvsUe-2][o.s.c.t.s.ComputationStepExecutor] Compute comment measures | status=SUCCESS | time=1ms
2022.05.25 09:24:30 INFO  ce[AYD6GkBU8paB_hvsUe-2][o.s.c.t.s.ComputationStepExecutor] Copy custom measures | status=SUCCESS | time=3ms
2022.05.25 09:24:30 INFO  ce[AYD6GkBU8paB_hvsUe-2][o.s.c.t.s.ComputationStepExecutor] Compute duplication measures | status=SUCCESS | time=4ms
2022.05.25 09:24:30 INFO  ce[AYD6GkBU8paB_hvsUe-2][o.s.c.t.s.ComputationStepExecutor] Compute size measures on new code | status=SUCCESS | time=2ms
2022.05.25 09:24:30 INFO  ce[AYD6GkBU8paB_hvsUe-2][o.s.c.t.s.ComputationStepExecutor] Compute language distribution | status=SUCCESS | time=15ms
2022.05.25 09:24:30 INFO  ce[AYD6GkBU8paB_hvsUe-2][o.s.c.t.s.ComputationStepExecutor] Compute test measures | status=SUCCESS | time=2ms
2022.05.25 09:24:30 INFO  ce[AYD6GkBU8paB_hvsUe-2][o.s.c.t.s.ComputationStepExecutor] Compute complexity measures | status=SUCCESS | time=5ms
2022.05.25 09:24:30 INFO  ce[AYD6GkBU8paB_hvsUe-2][o.s.c.t.s.ComputationStepExecutor] Load measure computers | status=SUCCESS | time=2ms
2022.05.25 09:24:30 INFO  ce[AYD6GkBU8paB_hvsUe-2][o.s.c.t.s.ComputationStepExecutor] Compute Quality Profile status | status=SUCCESS | time=4ms
2022.05.25 09:24:30 INFO  ce[AYD6GkBU8paB_hvsUe-2][o.s.c.t.s.ComputationStepExecutor] Execute component visitors | status=SUCCESS | time=347ms
2022.05.25 09:24:30 INFO  ce[AYD6GkBU8paB_hvsUe-2][o.s.c.t.s.ComputationStepExecutor] Checks executed after computation of measures | status=SUCCESS | time=0ms
2022.05.25 09:24:30 INFO  ce[AYD6GkBU8paB_hvsUe-2][o.s.c.t.s.ComputationStepExecutor] Compute Quality Gate measures | status=SUCCESS | time=25ms
2022.05.25 09:24:30 INFO  ce[AYD6GkBU8paB_hvsUe-2][o.s.c.t.s.ComputationStepExecutor] Compute Quality profile measures | status=SUCCESS | time=23ms
2022.05.25 09:24:30 INFO  ce[AYD6GkBU8paB_hvsUe-2][o.s.c.t.s.ComputationStepExecutor] Generate Quality profile events | status=SUCCESS | time=1ms
2022.05.25 09:24:30 INFO  ce[AYD6GkBU8paB_hvsUe-2][o.s.c.t.s.ComputationStepExecutor] Generate Quality gate events | status=SUCCESS | time=2ms
2022.05.25 09:24:30 INFO  ce[AYD6GkBU8paB_hvsUe-2][o.s.c.t.s.ComputationStepExecutor] Persist components | status=SUCCESS | time=72ms
2022.05.25 09:24:30 INFO  ce[AYD6GkBU8paB_hvsUe-2][o.s.c.t.s.ComputationStepExecutor] Persist analysis | status=SUCCESS | time=9ms
2022.05.25 09:24:30 INFO  ce[AYD6GkBU8paB_hvsUe-2][o.s.c.t.s.ComputationStepExecutor] Persist analysis properties | status=SUCCESS | time=1ms
2022.05.25 09:24:30 INFO  ce[AYD6GkBU8paB_hvsUe-2][o.s.c.t.s.ComputationStepExecutor] Persist measures | inserts=49 | status=SUCCESS | time=45ms
2022.05.25 09:24:31 INFO  ce[AYD6GkBU8paB_hvsUe-2][o.s.c.t.s.ComputationStepExecutor] Persist live measures | insertsOrUpdates=399 | status=SUCCESS | time=448ms
2022.05.25 09:24:31 INFO  ce[AYD6GkBU8paB_hvsUe-2][o.s.c.t.s.ComputationStepExecutor] Persist duplication data | insertsOrUpdates=0 | status=SUCCESS | time=1ms
2022.05.25 09:24:31 INFO  ce[AYD6GkBU8paB_hvsUe-2][o.s.c.t.s.ComputationStepExecutor] Persist new ad hoc Rules | status=SUCCESS | time=0ms
2022.05.25 09:24:31 INFO  ce[AYD6GkBU8paB_hvsUe-2][o.s.c.t.s.ComputationStepExecutor] Persist issues | inserts=3 | updates=0 | merged=0 | untouched=0 | status=SUCCESS | time=46ms
2022.05.25 09:24:31 INFO  ce[AYD6GkBU8paB_hvsUe-2][o.s.c.t.s.ComputationStepExecutor] Persist project links | status=SUCCESS | time=4ms
2022.05.25 09:24:31 INFO  ce[AYD6GkBU8paB_hvsUe-2][o.s.c.t.s.ComputationStepExecutor] Persist events | status=SUCCESS | time=25ms
2022.05.25 09:24:31 INFO  ce[AYD6GkBU8paB_hvsUe-2][o.s.c.t.s.ComputationStepExecutor] Persist sources | status=SUCCESS | time=159ms
2022.05.25 09:24:31 INFO  ce[AYD6GkBU8paB_hvsUe-2][o.s.c.t.s.ComputationStepExecutor] Persist cross project duplications | status=SUCCESS | time=0ms
2022.05.25 09:24:31 INFO  ce[AYD6GkBU8paB_hvsUe-2][o.s.c.t.s.ComputationStepExecutor] Enable analysis | status=SUCCESS | time=9ms
2022.05.25 09:24:31 INFO  ce[AYD6GkBU8paB_hvsUe-2][o.s.c.t.s.ComputationStepExecutor] Update last usage date of quality profiles | status=SUCCESS | time=16ms
2022.05.25 09:24:31 INFO  ce[AYD6GkBU8paB_hvsUe-2][o.s.c.t.s.ComputationStepExecutor] Purge db | status=SUCCESS | time=187ms
2022.05.25 09:24:31 ERROR ce[][o.s.s.es.BulkIndexer] index [projectmeasures], type [auth], id [AYD6GXEv8paB_hvsUe-w], message [ClusterBlockException[blocked by: [FORBIDDEN/12/index read-only / allow delete (api)];]]
2022.05.25 09:24:31 INFO  ce[AYD6GkBU8paB_hvsUe-2][o.s.c.t.s.ComputationStepExecutor] Index analysis | status=FAILED | time=123ms
2022.05.25 09:24:31 ERROR ce[AYD6GkBU8paB_hvsUe-2][o.s.c.t.CeWorkerImpl] Failed to execute task AYD6GkBU8paB_hvsUe-2
java.lang.IllegalStateException: Unrecoverable indexation failures: 1 errors among 1 requests
	at org.sonar.server.es.IndexingListener$1.onFinish(IndexingListener.java:39)
	at org.sonar.server.es.BulkIndexer.stop(BulkIndexer.java:122)
	at org.sonar.server.measure.index.ProjectMeasuresIndexer.doIndex(ProjectMeasuresIndexer.java:158)
	at org.sonar.server.measure.index.ProjectMeasuresIndexer.indexOnAnalysis(ProjectMeasuresIndexer.java:82)
	at org.sonar.ce.task.projectanalysis.step.IndexAnalysisStep.execute(IndexAnalysisStep.java:45)
	at org.sonar.ce.task.step.ComputationStepExecutor.executeStep(ComputationStepExecutor.java:81)
	at org.sonar.ce.task.step.ComputationStepExecutor.executeSteps(ComputationStepExecutor.java:72)
	at org.sonar.ce.task.step.ComputationStepExecutor.execute(ComputationStepExecutor.java:59)
	at org.sonar.ce.task.projectanalysis.taskprocessor.ReportTaskProcessor.process(ReportTaskProcessor.java:81)
	at org.sonar.ce.taskprocessor.CeWorkerImpl$ExecuteTask.executeTask(CeWorkerImpl.java:207)
	at org.sonar.ce.taskprocessor.CeWorkerImpl$ExecuteTask.run(CeWorkerImpl.java:189)
	at org.sonar.ce.taskprocessor.CeWorkerImpl.findAndProcessTask(CeWorkerImpl.java:156)
	at org.sonar.ce.taskprocessor.CeWorkerImpl$TrackRunningState.get(CeWorkerImpl.java:131)
	at org.sonar.ce.taskprocessor.CeWorkerImpl.call(CeWorkerImpl.java:83)
	at org.sonar.ce.taskprocessor.CeWorkerImpl.call(CeWorkerImpl.java:51)
	at java.base/java.util.concurrent.FutureTask.run(FutureTask.java:264)
	at java.base/java.util.concurrent.Executors$RunnableAdapter.call(Executors.java:515)
	at java.base/java.util.concurrent.FutureTask.run(FutureTask.java:264)
	at java.base/java.util.concurrent.ScheduledThreadPoolExecutor$ScheduledFutureTask.run(ScheduledThreadPoolExecutor.java:304)
	at java.base/java.util.concurrent.ThreadPoolExecutor.runWorker(ThreadPoolExecutor.java:1128)
	at java.base/java.util.concurrent.ThreadPoolExecutor$Worker.run(ThreadPoolExecutor.java:628)
	at java.base/java.lang.Thread.run(Thread.java:829)
2022.05.25 09:24:31 INFO  ce[AYD6GkBU8paB_hvsUe-2][o.s.c.t.CeWorkerImpl] Executed task | project=webview-android2 | type=REPORT | id=AYD6GkBU8paB_hvsUe-2 | status=FAILED | time=4777ms
2022.05.25 09:24:54 INFO  ce[][o.s.c.t.CeWorkerImpl] Execute task | project=easybuggy3 | type=REPORT | id=AYD6Gqv-8paB_hvsUe-3 | submitter=admin
2022.05.25 09:24:54 INFO  ce[AYD6Gqv-8paB_hvsUe-3][o.s.c.t.s.ComputationStepExecutor] Extract report | status=SUCCESS | time=67ms
2022.05.25 09:24:54 INFO  ce[AYD6Gqv-8paB_hvsUe-3][o.s.c.t.s.ComputationStepExecutor] Persist scanner context | status=SUCCESS | time=4ms
2022.05.25 09:24:54 INFO  ce[AYD6Gqv-8paB_hvsUe-3][o.s.c.t.s.ComputationStepExecutor] Propagate analysis warnings from scanner report | status=SUCCESS | time=0ms
2022.05.25 09:24:54 INFO  ce[AYD6Gqv-8paB_hvsUe-3][o.s.c.t.s.ComputationStepExecutor] Execute DB migrations for current project | status=SUCCESS | time=2ms
2022.05.25 09:24:54 INFO  ce[AYD6Gqv-8paB_hvsUe-3][o.s.c.t.s.ComputationStepExecutor] Generate analysis UUID | status=SUCCESS | time=0ms
2022.05.25 09:24:54 INFO  ce[AYD6Gqv-8paB_hvsUe-3][o.s.c.t.s.ComputationStepExecutor] Load analysis metadata | status=SUCCESS | time=9ms
2022.05.25 09:24:54 INFO  ce[AYD6Gqv-8paB_hvsUe-3][o.s.c.t.s.ComputationStepExecutor] Initialize | status=SUCCESS | time=0ms
2022.05.25 09:24:54 INFO  ce[AYD6Gqv-8paB_hvsUe-3][o.s.c.t.s.ComputationStepExecutor] Verify billing | status=SUCCESS | time=0ms
2022.05.25 09:24:54 INFO  ce[AYD6Gqv-8paB_hvsUe-3][o.s.c.t.s.ComputationStepExecutor] Build tree of components | components=131 | status=SUCCESS | time=80ms
2022.05.25 09:24:54 INFO  ce[AYD6Gqv-8paB_hvsUe-3][o.s.c.t.s.ComputationStepExecutor] Validate project | status=SUCCESS | time=2ms
2022.05.25 09:24:55 INFO  ce[AYD6Gqv-8paB_hvsUe-3][o.s.c.t.s.ComputationStepExecutor] Load quality profiles | status=SUCCESS | time=1549ms
2022.05.25 09:24:55 INFO  ce[AYD6Gqv-8paB_hvsUe-3][o.s.c.t.s.ComputationStepExecutor] Load Quality gate | status=SUCCESS | time=8ms
2022.05.25 09:24:55 INFO  ce[AYD6Gqv-8paB_hvsUe-3][o.s.c.t.s.ComputationStepExecutor] Load new code period | status=SUCCESS | time=12ms
2022.05.25 09:24:55 INFO  ce[AYD6Gqv-8paB_hvsUe-3][o.s.c.t.s.ComputationStepExecutor] Detect file moves | reportFiles=111 | dbFiles=111 | addedFiles=0 | status=SUCCESS | time=61ms
2022.05.25 09:24:55 INFO  ce[AYD6Gqv-8paB_hvsUe-3][o.s.c.t.s.ComputationStepExecutor] Load duplications | duplications=30 | status=SUCCESS | time=20ms
2022.05.25 09:24:55 INFO  ce[AYD6Gqv-8paB_hvsUe-3][o.s.c.t.s.ComputationStepExecutor] Compute cross project duplications | status=SUCCESS | time=0ms
2022.05.25 09:24:55 INFO  ce[AYD6Gqv-8paB_hvsUe-3][o.s.c.t.s.ComputationStepExecutor] Compute size measures | status=SUCCESS | time=22ms
2022.05.25 09:24:56 INFO  ce[AYD6Gqv-8paB_hvsUe-3][o.s.c.t.s.ComputationStepExecutor] Compute new coverage | status=SUCCESS | time=492ms
2022.05.25 09:24:56 INFO  ce[AYD6Gqv-8paB_hvsUe-3][o.s.c.t.s.ComputationStepExecutor] Compute coverage measures | status=SUCCESS | time=12ms
2022.05.25 09:24:56 INFO  ce[AYD6Gqv-8paB_hvsUe-3][o.s.c.t.s.ComputationStepExecutor] Compute comment measures | status=SUCCESS | time=5ms
2022.05.25 09:24:56 INFO  ce[AYD6Gqv-8paB_hvsUe-3][o.s.c.t.s.ComputationStepExecutor] Copy custom measures | status=SUCCESS | time=1ms
2022.05.25 09:24:56 INFO  ce[AYD6Gqv-8paB_hvsUe-3][o.s.c.t.s.ComputationStepExecutor] Compute duplication measures | status=SUCCESS | time=5ms
2022.05.25 09:24:56 INFO  ce[AYD6Gqv-8paB_hvsUe-3][o.s.c.t.s.ComputationStepExecutor] Compute size measures on new code | status=SUCCESS | time=6ms
2022.05.25 09:24:56 INFO  ce[AYD6Gqv-8paB_hvsUe-3][o.s.c.t.s.ComputationStepExecutor] Compute language distribution | status=SUCCESS | time=5ms
2022.05.25 09:24:56 INFO  ce[AYD6Gqv-8paB_hvsUe-3][o.s.c.t.s.ComputationStepExecutor] Compute test measures | status=SUCCESS | time=2ms
2022.05.25 09:24:56 INFO  ce[AYD6Gqv-8paB_hvsUe-3][o.s.c.t.s.ComputationStepExecutor] Compute complexity measures | status=SUCCESS | time=5ms
2022.05.25 09:24:56 INFO  ce[AYD6Gqv-8paB_hvsUe-3][o.s.c.t.s.ComputationStepExecutor] Load measure computers | status=SUCCESS | time=1ms
2022.05.25 09:24:56 INFO  ce[AYD6Gqv-8paB_hvsUe-3][o.s.c.t.s.ComputationStepExecutor] Compute Quality Profile status | status=SUCCESS | time=6ms
2022.05.25 09:24:57 INFO  ce[AYD6Gqv-8paB_hvsUe-3][o.s.c.t.s.ComputationStepExecutor] Execute component visitors | status=SUCCESS | time=1090ms
2022.05.25 09:24:57 INFO  ce[AYD6Gqv-8paB_hvsUe-3][o.s.c.t.s.ComputationStepExecutor] Checks executed after computation of measures | status=SUCCESS | time=0ms
2022.05.25 09:24:57 INFO  ce[AYD6Gqv-8paB_hvsUe-3][o.s.c.t.s.ComputationStepExecutor] Compute Quality Gate measures | status=SUCCESS | time=4ms
2022.05.25 09:24:57 INFO  ce[AYD6Gqv-8paB_hvsUe-3][o.s.c.t.s.ComputationStepExecutor] Compute Quality profile measures | status=SUCCESS | time=1ms
2022.05.25 09:24:57 INFO  ce[AYD6Gqv-8paB_hvsUe-3][o.s.c.t.s.ComputationStepExecutor] Generate Quality profile events | status=SUCCESS | time=4ms
2022.05.25 09:24:57 INFO  ce[AYD6Gqv-8paB_hvsUe-3][o.s.c.t.s.ComputationStepExecutor] Generate Quality gate events | status=SUCCESS | time=1ms
2022.05.25 09:24:57 INFO  ce[AYD6Gqv-8paB_hvsUe-3][o.s.c.t.s.ComputationStepExecutor] Persist components | status=SUCCESS | time=120ms
2022.05.25 09:24:57 INFO  ce[AYD6Gqv-8paB_hvsUe-3][o.s.c.t.s.ComputationStepExecutor] Persist analysis | status=SUCCESS | time=2ms
2022.05.25 09:24:57 INFO  ce[AYD6Gqv-8paB_hvsUe-3][o.s.c.t.s.ComputationStepExecutor] Persist analysis properties | status=SUCCESS | time=0ms
2022.05.25 09:24:57 INFO  ce[AYD6Gqv-8paB_hvsUe-3][o.s.c.t.s.ComputationStepExecutor] Persist measures | inserts=74 | status=SUCCESS | time=29ms
2022.05.25 09:24:58 INFO  ce[AYD6Gqv-8paB_hvsUe-3][o.s.c.t.s.ComputationStepExecutor] Persist live measures | insertsOrUpdates=5101 | status=SUCCESS | time=1186ms
2022.05.25 09:24:59 INFO  ce[AYD6Gqv-8paB_hvsUe-3][o.s.c.t.s.ComputationStepExecutor] Persist duplication data | insertsOrUpdates=0 | status=SUCCESS | time=39ms
2022.05.25 09:24:59 INFO  ce[AYD6Gqv-8paB_hvsUe-3][o.s.c.t.s.ComputationStepExecutor] Persist new ad hoc Rules | status=SUCCESS | time=0ms
2022.05.25 09:24:59 INFO  ce[AYD6Gqv-8paB_hvsUe-3][o.s.c.t.s.ComputationStepExecutor] Persist issues | inserts=0 | updates=0 | merged=0 | untouched=241 | status=SUCCESS | time=286ms
2022.05.25 09:24:59 INFO  ce[AYD6Gqv-8paB_hvsUe-3][o.s.c.t.s.ComputationStepExecutor] Persist project links | status=SUCCESS | time=2ms
2022.05.25 09:24:59 INFO  ce[AYD6Gqv-8paB_hvsUe-3][o.s.c.t.s.ComputationStepExecutor] Persist events | status=SUCCESS | time=3ms
2022.05.25 09:24:59 INFO  ce[AYD6Gqv-8paB_hvsUe-3][o.s.c.t.s.ComputationStepExecutor] Persist sources | status=SUCCESS | time=283ms
2022.05.25 09:24:59 INFO  ce[AYD6Gqv-8paB_hvsUe-3][o.s.c.t.s.ComputationStepExecutor] Persist cross project duplications | status=SUCCESS | time=0ms
2022.05.25 09:24:59 INFO  ce[AYD6Gqv-8paB_hvsUe-3][o.s.c.t.s.ComputationStepExecutor] Enable analysis | status=SUCCESS | time=3ms
2022.05.25 09:24:59 INFO  ce[AYD6Gqv-8paB_hvsUe-3][o.s.c.t.s.ComputationStepExecutor] Update last usage date of quality profiles | status=SUCCESS | time=4ms
2022.05.25 09:24:59 INFO  ce[AYD6Gqv-8paB_hvsUe-3][o.s.c.t.s.ComputationStepExecutor] Purge db | status=SUCCESS | time=96ms
2022.05.25 09:24:59 ERROR ce[][o.s.s.es.BulkIndexer] index [projectmeasures], type [auth], id [AYD3AA1sbjQxiQPjpYZW], message [ClusterBlockException[blocked by: [FORBIDDEN/12/index read-only / allow delete (api)];]]
2022.05.25 09:24:59 INFO  ce[AYD6Gqv-8paB_hvsUe-3][o.s.c.t.s.ComputationStepExecutor] Index analysis | status=FAILED | time=22ms
2022.05.25 09:24:59 ERROR ce[AYD6Gqv-8paB_hvsUe-3][o.s.c.t.CeWorkerImpl] Failed to execute task AYD6Gqv-8paB_hvsUe-3
java.lang.IllegalStateException: Unrecoverable indexation failures: 1 errors among 1 requests
	at org.sonar.server.es.IndexingListener$1.onFinish(IndexingListener.java:39)
	at org.sonar.server.es.BulkIndexer.stop(BulkIndexer.java:122)
	at org.sonar.server.measure.index.ProjectMeasuresIndexer.doIndex(ProjectMeasuresIndexer.java:158)
	at org.sonar.server.measure.index.ProjectMeasuresIndexer.indexOnAnalysis(ProjectMeasuresIndexer.java:82)
	at org.sonar.ce.task.projectanalysis.step.IndexAnalysisStep.execute(IndexAnalysisStep.java:45)
	at org.sonar.ce.task.step.ComputationStepExecutor.executeStep(ComputationStepExecutor.java:81)
	at org.sonar.ce.task.step.ComputationStepExecutor.executeSteps(ComputationStepExecutor.java:72)
	at org.sonar.ce.task.step.ComputationStepExecutor.execute(ComputationStepExecutor.java:59)
	at org.sonar.ce.task.projectanalysis.taskprocessor.ReportTaskProcessor.process(ReportTaskProcessor.java:81)
	at org.sonar.ce.taskprocessor.CeWorkerImpl$ExecuteTask.executeTask(CeWorkerImpl.java:207)
	at org.sonar.ce.taskprocessor.CeWorkerImpl$ExecuteTask.run(CeWorkerImpl.java:189)
	at org.sonar.ce.taskprocessor.CeWorkerImpl.findAndProcessTask(CeWorkerImpl.java:156)
	at org.sonar.ce.taskprocessor.CeWorkerImpl$TrackRunningState.get(CeWorkerImpl.java:131)
	at org.sonar.ce.taskprocessor.CeWorkerImpl.call(CeWorkerImpl.java:83)
	at org.sonar.ce.taskprocessor.CeWorkerImpl.call(CeWorkerImpl.java:51)
	at java.base/java.util.concurrent.FutureTask.run(FutureTask.java:264)
	at java.base/java.util.concurrent.Executors$RunnableAdapter.call(Executors.java:515)
	at java.base/java.util.concurrent.FutureTask.run(FutureTask.java:264)
	at java.base/java.util.concurrent.ScheduledThreadPoolExecutor$ScheduledFutureTask.run(ScheduledThreadPoolExecutor.java:304)
	at java.base/java.util.concurrent.ThreadPoolExecutor.runWorker(ThreadPoolExecutor.java:1128)
	at java.base/java.util.concurrent.ThreadPoolExecutor$Worker.run(ThreadPoolExecutor.java:628)
	at java.base/java.lang.Thread.run(Thread.java:829)
2022.05.25 09:24:59 INFO  ce[AYD6Gqv-8paB_hvsUe-3][o.s.c.t.CeWorkerImpl] Executed task | project=easybuggy3 | type=REPORT | id=AYD6Gqv-8paB_hvsUe-3 | submitter=admin | status=FAILED | time=5690ms
2022.05.25 09:27:48 INFO  ce[][o.s.p.ProcessEntryPoint] Gracefully stopping process
2022.05.25 09:27:48 INFO  ce[][o.s.ce.app.CeServer] Compute Engine is stopping...
2022.05.25 09:27:48 INFO  ce[][o.s.c.t.CeProcessingSchedulerImpl] Gracefully stopping workers...
2022.05.25 09:27:48 INFO  ce[][o.s.ce.app.CeServer] Compute Engine is stopped
