2022.05.24 17:46:56 INFO  web[][o.s.p.ProcessEntryPoint] Starting web
2022.05.24 17:46:57 INFO  web[][o.a.t.u.n.NioSelectorPool] Using a shared selector for servlet write/read
2022.05.24 17:46:59 INFO  web[][o.e.p.PluginsService] no modules loaded
2022.05.24 17:46:59 INFO  web[][o.e.p.PluginsService] loaded plugin [org.elasticsearch.join.ParentJoinPlugin]
2022.05.24 17:46:59 INFO  web[][o.e.p.PluginsService] loaded plugin [org.elasticsearch.percolator.PercolatorPlugin]
2022.05.24 17:46:59 INFO  web[][o.e.p.PluginsService] loaded plugin [org.elasticsearch.transport.Netty4Plugin]
2022.05.24 17:47:03 INFO  web[][o.s.s.e.EsClientProvider] Connected to local Elasticsearch: [127.0.0.1:9001]
2022.05.24 17:47:03 INFO  web[][o.s.s.p.LogServerVersion] SonarQube Server / 7.8.0.26217 / daf4da5c554d4153a11e68d13a662313e6cecc92
2022.05.24 17:47:09 INFO  web[][o.s.s.p.d.EmbeddedDatabase] Starting embedded database on port 9092 with url jdbc:h2:tcp://127.0.0.1:9092/sonar
2022.05.24 17:47:22 INFO  web[][o.s.s.p.d.EmbeddedDatabase] Embedded database started. Data stored in: /home/alumno/Escritorio/GPI/sonarqube-7.8/data
2022.05.24 17:47:22 INFO  web[][o.sonar.db.Database] Create JDBC data source for jdbc:h2:tcp://127.0.0.1:9092/sonar
2022.05.24 17:47:24 WARN  web[][o.s.db.dialect.H2] H2 database should be used for evaluation purpose only.
2022.05.24 17:49:13 INFO  web[][o.s.p.ProcessEntryPoint] Starting web
2022.05.24 17:49:14 INFO  web[][o.a.t.u.n.NioSelectorPool] Using a shared selector for servlet write/read
2022.05.24 17:49:15 INFO  web[][o.e.p.PluginsService] no modules loaded
2022.05.24 17:49:15 INFO  web[][o.e.p.PluginsService] loaded plugin [org.elasticsearch.join.ParentJoinPlugin]
2022.05.24 17:49:15 INFO  web[][o.e.p.PluginsService] loaded plugin [org.elasticsearch.percolator.PercolatorPlugin]
2022.05.24 17:49:15 INFO  web[][o.e.p.PluginsService] loaded plugin [org.elasticsearch.transport.Netty4Plugin]
2022.05.24 17:49:17 INFO  web[][o.s.s.e.EsClientProvider] Connected to local Elasticsearch: [127.0.0.1:9001]
2022.05.24 17:49:17 INFO  web[][o.s.s.p.LogServerVersion] SonarQube Server / 7.8.0.26217 / daf4da5c554d4153a11e68d13a662313e6cecc92
2022.05.24 17:49:20 INFO  web[][o.s.s.p.d.EmbeddedDatabase] Starting embedded database on port 9092 with url jdbc:h2:tcp://127.0.0.1:9092/sonar
2022.05.24 17:49:20 INFO  web[][o.s.s.p.d.EmbeddedDatabase] Embedded database started. Data stored in: /home/alumno/Escritorio/GPI/sonarqube-7.8/data
2022.05.24 17:49:20 INFO  web[][o.sonar.db.Database] Create JDBC data source for jdbc:h2:tcp://127.0.0.1:9092/sonar
2022.05.24 17:49:20 WARN  web[][o.s.db.dialect.H2] H2 database should be used for evaluation purpose only.
2022.05.24 17:49:21 INFO  web[][o.s.s.p.ServerFileSystemImpl] SonarQube home: /home/alumno/Escritorio/GPI/sonarqube-7.8
2022.05.24 17:49:21 INFO  web[][o.s.s.u.SystemPasscodeImpl] System authentication by passcode is disabled
2022.05.24 17:49:22 INFO  web[][o.s.s.p.ServerPluginRepository] Deploy plugin Git / 1.8.0.1574 / aec3dc8f5228aabd218e1cd31ac6e6515a43715d
2022.05.24 17:49:22 INFO  web[][o.s.s.p.ServerPluginRepository] Deploy plugin GitHub Authentication for SonarQube / 1.5.0.870 / 153f7c7af7a264adb0fcbe5fee87bdd140a6a3a1
2022.05.24 17:49:22 INFO  web[][o.s.s.p.ServerPluginRepository] Deploy plugin JaCoCo / 1.0.1.143 / 65c55e41e32c114704fd597ccea91fc55becb4ec
2022.05.24 17:49:22 INFO  web[][o.s.s.p.ServerPluginRepository] Deploy plugin LDAP / 2.2.0.608 / 79dc3fa4393a29667673c70182f3016288b548b7
2022.05.24 17:49:22 INFO  web[][o.s.s.p.ServerPluginRepository] Deploy plugin SAML 2.0 Authentication for SonarQube / 1.1.0.181 / 16fcb5be2d3bcfee8920b29cd758d8b957a18acb
2022.05.24 17:49:22 INFO  web[][o.s.s.p.ServerPluginRepository] Deploy plugin SonarC# / 7.14.0.8411 / 6b1f3f2cfd9555d0683bf65f400f0acc48452adb
2022.05.24 17:49:22 INFO  web[][o.s.s.p.ServerPluginRepository] Deploy plugin SonarCSS / 1.1.0.993 / ebac7cd722f1f455344f46bd3581a3ba4cfd9003
2022.05.24 17:49:22 INFO  web[][o.s.s.p.ServerPluginRepository] Deploy plugin SonarFlex / 2.4.0.1222 / 68d9cb3b7daccbc4869c4f2b89d09218d26a0829
2022.05.24 17:49:22 INFO  web[][o.s.s.p.ServerPluginRepository] Deploy plugin SonarGo / 1.1.1.2000 / 40d55921c7a63b67386a053490d17b6723a46cd5
2022.05.24 17:49:22 INFO  web[][o.s.s.p.ServerPluginRepository] Deploy plugin SonarHTML / 3.1.0.1615 / 4181edb5eff5605bec82dc0aa15ecd70eaa5857f
2022.05.24 17:49:22 INFO  web[][o.s.s.p.ServerPluginRepository] Deploy plugin SonarJS / 5.2.1.7778 / 49f34eaeaad59868d4353d89b1fc5c02bbe51976
2022.05.24 17:49:22 INFO  web[][o.s.s.p.ServerPluginRepository] Deploy plugin SonarJava / 5.13.0.18197 / 35e70591626e1b27bb059f795dda0327c02a09d3
2022.05.24 17:49:22 INFO  web[][o.s.s.p.ServerPluginRepository] Deploy plugin SonarKotlin / 1.5.0.315 / 4ff3a145a58f3f84f1b39846a205a129d742e993
2022.05.24 17:49:22 INFO  web[][o.s.s.p.ServerPluginRepository] Deploy plugin SonarPHP / 3.1.1.4762 / b5f6f72ed396a6908fd2622a7ef141fde816ee9c
2022.05.24 17:49:22 INFO  web[][o.s.s.p.ServerPluginRepository] Deploy plugin SonarPython / 1.14.0.3086 / a6ac95b01b57bfb5f4ca604b4234595bb9f04b7e
2022.05.24 17:49:22 INFO  web[][o.s.s.p.ServerPluginRepository] Deploy plugin SonarRuby / 1.5.0.315 / 4ff3a145a58f3f84f1b39846a205a129d742e993
2022.05.24 17:49:22 INFO  web[][o.s.s.p.ServerPluginRepository] Deploy plugin SonarScala / 1.5.0.315 / 4ff3a145a58f3f84f1b39846a205a129d742e993
2022.05.24 17:49:22 INFO  web[][o.s.s.p.ServerPluginRepository] Deploy plugin SonarTS / 1.9.0.3766 / 4a4080b78001a78d758d1d0fa0190fb9496b6f57
2022.05.24 17:49:22 INFO  web[][o.s.s.p.ServerPluginRepository] Deploy plugin SonarVB / 7.14.0.8411 / 6b1f3f2cfd9555d0683bf65f400f0acc48452adb
2022.05.24 17:49:22 INFO  web[][o.s.s.p.ServerPluginRepository] Deploy plugin SonarXML / 2.0.1.2020 / c5b84004face582d56f110e24c29bf9c6a679e69
2022.05.24 17:49:22 INFO  web[][o.s.s.p.ServerPluginRepository] Deploy plugin Svn / 1.9.0.1295 / 942e075773975354e32691a60bfd968065703e04
2022.05.24 17:49:23 INFO  web[][o.s.s.p.w.MasterServletFilter] Initializing servlet filter org.sonar.server.ws.WebServiceFilter@738b134a [pattern=UrlPattern{inclusions=[/api/system/migrate_db.*, ...], exclusions=[/api/properties*, ...]}]
2022.05.24 17:49:23 INFO  web[][o.s.s.a.EmbeddedTomcat] HTTP connector enabled on port 9000
2022.05.24 17:49:25 INFO  web[][o.s.s.p.UpdateCenterClient] Update center: https://update.sonarsource.org/update-center.properties (no proxy)
2022.05.24 17:49:26 INFO  web[][o.s.s.e.IndexCreator] Index [metadatas] is read-only. Making it writable...
2022.05.24 17:49:27 INFO  web[][o.s.s.e.IndexCreator] Index [components] is read-only. Making it writable...
2022.05.24 17:49:27 INFO  web[][o.s.s.e.IndexCreator] Index [projectmeasures] is read-only. Making it writable...
2022.05.24 17:49:27 INFO  web[][o.s.s.e.IndexCreator] Index [rules] is read-only. Making it writable...
2022.05.24 17:49:27 INFO  web[][o.s.s.e.IndexCreator] Index [issues] is read-only. Making it writable...
2022.05.24 17:49:27 INFO  web[][o.s.s.e.IndexCreator] Index [users] is read-only. Making it writable...
2022.05.24 17:49:27 INFO  web[][o.s.s.e.IndexCreator] Index [views] is read-only. Making it writable...
2022.05.24 17:49:27 INFO  web[][o.s.s.s.LogServerId] Server ID: BF41A1F2-AYDdFSo6BFn_SFp0Pe70
2022.05.24 17:49:27 WARN  web[][o.s.s.a.LogOAuthWarning] For security reasons, OAuth authentication should use HTTPS. You should set the property 'Administration > Configuration > Server base URL' to a HTTPS URL.
2022.05.24 17:49:27 WARN  web[][o.s.a.s.w.WebService$Action] The response example is not set on action api/plugins/download
2022.05.24 17:49:27 WARN  web[][o.s.a.s.w.WebService$Action] The response example is not set on action api/permissions/search_templates
2022.05.24 17:49:27 INFO  web[][o.s.s.t.TelemetryDaemon] Sharing of SonarQube statistics is enabled.
2022.05.24 17:49:27 INFO  web[][o.s.s.n.NotificationDaemon] Notification service started (delay 60 sec.)
2022.05.24 17:49:27 INFO  web[][o.s.s.s.GeneratePluginIndex] Generate scanner plugin index
2022.05.24 17:49:27 INFO  web[][o.s.s.s.RegisterPlugins] Register plugins
2022.05.24 17:49:27 INFO  web[][o.s.s.s.RegisterMetrics] Register metrics
2022.05.24 17:49:28 INFO  web[][o.s.s.r.RegisterRules] Register rules
2022.05.24 17:49:38 INFO  web[][o.s.s.q.BuiltInQProfileRepositoryImpl] Load quality profiles
2022.05.24 17:49:40 INFO  web[][o.s.s.q.RegisterQualityProfiles] Register quality profiles
2022.05.24 17:49:40 INFO  web[][o.s.s.q.RegisterQualityProfiles] Update profile css/Sonar way
2022.05.24 17:49:40 INFO  web[][o.s.s.q.RegisterQualityProfiles] Update profile scala/Sonar way
2022.05.24 17:49:41 INFO  web[][o.s.s.q.RegisterQualityProfiles] Update profile jsp/Sonar way
2022.05.24 17:49:41 INFO  web[][o.s.s.q.RegisterQualityProfiles] Update profile kotlin/Sonar way
2022.05.24 17:49:41 INFO  web[][o.s.s.q.RegisterQualityProfiles] Update profile go/Sonar way
2022.05.24 17:49:41 INFO  web[][o.s.s.q.RegisterQualityProfiles] Update profile js/Sonar way Recommended
2022.05.24 17:49:41 INFO  web[][o.s.s.q.RegisterQualityProfiles] Update profile js/Sonar way
2022.05.24 17:49:41 INFO  web[][o.s.s.q.RegisterQualityProfiles] Update profile py/Sonar way
2022.05.24 17:49:42 INFO  web[][o.s.s.q.RegisterQualityProfiles] Update profile ruby/Sonar way
2022.05.24 17:49:42 INFO  web[][o.s.s.q.RegisterQualityProfiles] Update profile cs/Sonar way
2022.05.24 17:49:42 INFO  web[][o.s.s.q.RegisterQualityProfiles] Update profile java/Sonar way
2022.05.24 17:49:43 INFO  web[][o.s.s.q.RegisterQualityProfiles] Update profile web/Sonar way
2022.05.24 17:49:43 INFO  web[][o.s.s.q.RegisterQualityProfiles] Update profile flex/Sonar way
2022.05.24 17:49:43 INFO  web[][o.s.s.q.RegisterQualityProfiles] Update profile xml/Sonar way
2022.05.24 17:49:43 INFO  web[][o.s.s.q.RegisterQualityProfiles] Update profile php/Sonar way
2022.05.24 17:49:43 INFO  web[][o.s.s.q.RegisterQualityProfiles] Update profile php/PSR-2
2022.05.24 17:49:43 INFO  web[][o.s.s.q.RegisterQualityProfiles] Update profile php/Drupal
2022.05.24 17:49:43 INFO  web[][o.s.s.q.RegisterQualityProfiles] Update profile vbnet/Sonar way
2022.05.24 17:49:43 INFO  web[][o.s.s.q.RegisterQualityProfiles] Update profile ts/Sonar way
2022.05.24 17:49:43 INFO  web[][o.s.s.q.RegisterQualityProfiles] Update profile ts/Sonar way recommended
2022.05.24 17:49:44 INFO  web[][o.s.s.s.RegisterPermissionTemplates] Register permission templates
2022.05.24 17:49:44 INFO  web[][o.s.s.s.RenameDeprecatedPropertyKeys] Rename deprecated property keys
2022.05.24 17:49:44 INFO  web[][o.s.s.p.w.MasterServletFilter] Initializing servlet filter org.sonar.server.ws.WebServiceFilter@9071cd2 [pattern=UrlPattern{inclusions=[/api/issues/delete_comment.*, ...], exclusions=[/api/properties*, ...]}]
2022.05.24 17:49:44 INFO  web[][o.s.s.p.w.MasterServletFilter] Initializing servlet filter org.sonar.server.ws.DeprecatedPropertiesWsFilter@7cad2bca [pattern=UrlPattern{inclusions=[/api/properties/*], exclusions=[]}]
2022.05.24 17:49:44 INFO  web[][o.s.s.p.w.MasterServletFilter] Initializing servlet filter org.sonar.server.ws.WebServiceReroutingFilter@2f212bf [pattern=UrlPattern{inclusions=[/api/components/bulk_update_key, ...], exclusions=[]}]
2022.05.24 17:49:44 INFO  web[][o.s.s.p.w.MasterServletFilter] Initializing servlet filter org.sonar.server.authentication.InitFilter@4e05dfc8 [pattern=UrlPattern{inclusions=[/sessions/init/*], exclusions=[]}]
2022.05.24 17:49:44 INFO  web[][o.s.s.p.w.MasterServletFilter] Initializing servlet filter org.sonar.server.authentication.OAuth2CallbackFilter@37ad83b9 [pattern=UrlPattern{inclusions=[/oauth2/callback/*], exclusions=[]}]
2022.05.24 17:49:44 INFO  web[][o.s.s.p.w.MasterServletFilter] Initializing servlet filter org.sonar.server.authentication.ws.LoginAction@64c3adda [pattern=UrlPattern{inclusions=[/api/authentication/login], exclusions=[]}]
2022.05.24 17:49:44 INFO  web[][o.s.s.p.w.MasterServletFilter] Initializing servlet filter org.sonar.server.authentication.ws.LogoutAction@5a477260 [pattern=UrlPattern{inclusions=[/api/authentication/logout], exclusions=[]}]
2022.05.24 17:49:44 INFO  web[][o.s.s.p.w.MasterServletFilter] Initializing servlet filter org.sonar.server.authentication.ws.ValidateAction@614153e2 [pattern=UrlPattern{inclusions=[/api/authentication/validate], exclusions=[]}]
2022.05.24 17:49:44 INFO  web[][o.s.s.p.p.PlatformLevelStartup] Running Community Edition
2022.05.24 17:49:44 INFO  web[][o.s.s.p.Platform] WebServer is operational
2022.05.24 17:51:32 ERROR web[][o.s.s.es.BulkIndexer] index [issues], type [auth], id [auth_AYD2xCfcFA-lM0ICwSMN], message [ClusterBlockException[blocked by: [FORBIDDEN/12/index read-only / allow delete (api)];]]
2022.05.24 17:51:32 ERROR web[][o.s.s.es.BulkIndexer] index [components], type [auth], id [auth_AYD2xCfcFA-lM0ICwSMN], message [ClusterBlockException[blocked by: [FORBIDDEN/12/index read-only / allow delete (api)];]]
2022.05.24 17:51:32 ERROR web[][o.s.s.es.BulkIndexer] index [projectmeasures], type [auth], id [auth_AYD2xCfcFA-lM0ICwSMN], message [ClusterBlockException[blocked by: [FORBIDDEN/12/index read-only / allow delete (api)];]]
2022.05.24 17:51:32 ERROR web[][o.s.s.es.BulkIndexer] index [projectmeasures], type [auth], id [AYD2xCfcFA-lM0ICwSMN], message [ClusterBlockException[blocked by: [FORBIDDEN/12/index read-only / allow delete (api)];]]
2022.05.24 17:51:32 ERROR web[][o.s.s.es.BulkIndexer] index [components], type [auth], id [AYD2xCfcFA-lM0ICwSMN], message [ClusterBlockException[blocked by: [FORBIDDEN/12/index read-only / allow delete (api)];]]
2022.05.24 18:01:08 INFO  web[][o.s.p.ProcessEntryPoint] Starting web
2022.05.24 18:01:09 INFO  web[][o.a.t.u.n.NioSelectorPool] Using a shared selector for servlet write/read
2022.05.24 18:01:10 INFO  web[][o.e.p.PluginsService] no modules loaded
2022.05.24 18:01:10 INFO  web[][o.e.p.PluginsService] loaded plugin [org.elasticsearch.join.ParentJoinPlugin]
2022.05.24 18:01:10 INFO  web[][o.e.p.PluginsService] loaded plugin [org.elasticsearch.percolator.PercolatorPlugin]
2022.05.24 18:01:10 INFO  web[][o.e.p.PluginsService] loaded plugin [org.elasticsearch.transport.Netty4Plugin]
2022.05.24 18:01:12 INFO  web[][o.s.s.e.EsClientProvider] Connected to local Elasticsearch: [127.0.0.1:9001]
2022.05.24 18:01:12 INFO  web[][o.s.s.p.LogServerVersion] SonarQube Server / 7.8.0.26217 / daf4da5c554d4153a11e68d13a662313e6cecc92
2022.05.24 18:01:14 INFO  web[][o.s.s.p.d.EmbeddedDatabase] Starting embedded database on port 9092 with url jdbc:h2:tcp://127.0.0.1:9092/sonar
2022.05.24 18:01:14 INFO  web[][o.s.s.p.d.EmbeddedDatabase] Embedded database started. Data stored in: /home/alumno/Escritorio/GPI/sonarqube-7.8/data
2022.05.24 18:01:14 INFO  web[][o.sonar.db.Database] Create JDBC data source for jdbc:h2:tcp://127.0.0.1:9092/sonar
2022.05.24 18:01:15 WARN  web[][o.s.db.dialect.H2] H2 database should be used for evaluation purpose only.
2022.05.24 18:01:16 INFO  web[][o.s.s.p.ServerFileSystemImpl] SonarQube home: /home/alumno/Escritorio/GPI/sonarqube-7.8
2022.05.24 18:01:16 INFO  web[][o.s.s.u.SystemPasscodeImpl] System authentication by passcode is disabled
2022.05.24 18:01:16 INFO  web[][o.s.s.p.ServerPluginRepository] Deploy plugin Git / 1.8.0.1574 / aec3dc8f5228aabd218e1cd31ac6e6515a43715d
2022.05.24 18:01:16 INFO  web[][o.s.s.p.ServerPluginRepository] Deploy plugin GitHub Authentication for SonarQube / 1.5.0.870 / 153f7c7af7a264adb0fcbe5fee87bdd140a6a3a1
2022.05.24 18:01:16 INFO  web[][o.s.s.p.ServerPluginRepository] Deploy plugin JaCoCo / 1.0.1.143 / 65c55e41e32c114704fd597ccea91fc55becb4ec
2022.05.24 18:01:16 INFO  web[][o.s.s.p.ServerPluginRepository] Deploy plugin LDAP / 2.2.0.608 / 79dc3fa4393a29667673c70182f3016288b548b7
2022.05.24 18:01:16 INFO  web[][o.s.s.p.ServerPluginRepository] Deploy plugin SAML 2.0 Authentication for SonarQube / 1.1.0.181 / 16fcb5be2d3bcfee8920b29cd758d8b957a18acb
2022.05.24 18:01:16 INFO  web[][o.s.s.p.ServerPluginRepository] Deploy plugin SonarC# / 7.14.0.8411 / 6b1f3f2cfd9555d0683bf65f400f0acc48452adb
2022.05.24 18:01:16 INFO  web[][o.s.s.p.ServerPluginRepository] Deploy plugin SonarCSS / 1.1.0.993 / ebac7cd722f1f455344f46bd3581a3ba4cfd9003
2022.05.24 18:01:16 INFO  web[][o.s.s.p.ServerPluginRepository] Deploy plugin SonarFlex / 2.4.0.1222 / 68d9cb3b7daccbc4869c4f2b89d09218d26a0829
2022.05.24 18:01:16 INFO  web[][o.s.s.p.ServerPluginRepository] Deploy plugin SonarGo / 1.1.1.2000 / 40d55921c7a63b67386a053490d17b6723a46cd5
2022.05.24 18:01:16 INFO  web[][o.s.s.p.ServerPluginRepository] Deploy plugin SonarHTML / 3.1.0.1615 / 4181edb5eff5605bec82dc0aa15ecd70eaa5857f
2022.05.24 18:01:16 INFO  web[][o.s.s.p.ServerPluginRepository] Deploy plugin SonarJS / 5.2.1.7778 / 49f34eaeaad59868d4353d89b1fc5c02bbe51976
2022.05.24 18:01:16 INFO  web[][o.s.s.p.ServerPluginRepository] Deploy plugin SonarJava / 5.13.0.18197 / 35e70591626e1b27bb059f795dda0327c02a09d3
2022.05.24 18:01:16 INFO  web[][o.s.s.p.ServerPluginRepository] Deploy plugin SonarKotlin / 1.5.0.315 / 4ff3a145a58f3f84f1b39846a205a129d742e993
2022.05.24 18:01:16 INFO  web[][o.s.s.p.ServerPluginRepository] Deploy plugin SonarPHP / 3.1.1.4762 / b5f6f72ed396a6908fd2622a7ef141fde816ee9c
2022.05.24 18:01:16 INFO  web[][o.s.s.p.ServerPluginRepository] Deploy plugin SonarPython / 1.14.0.3086 / a6ac95b01b57bfb5f4ca604b4234595bb9f04b7e
2022.05.24 18:01:16 INFO  web[][o.s.s.p.ServerPluginRepository] Deploy plugin SonarRuby / 1.5.0.315 / 4ff3a145a58f3f84f1b39846a205a129d742e993
2022.05.24 18:01:16 INFO  web[][o.s.s.p.ServerPluginRepository] Deploy plugin SonarScala / 1.5.0.315 / 4ff3a145a58f3f84f1b39846a205a129d742e993
2022.05.24 18:01:16 INFO  web[][o.s.s.p.ServerPluginRepository] Deploy plugin SonarTS / 1.9.0.3766 / 4a4080b78001a78d758d1d0fa0190fb9496b6f57
2022.05.24 18:01:16 INFO  web[][o.s.s.p.ServerPluginRepository] Deploy plugin SonarVB / 7.14.0.8411 / 6b1f3f2cfd9555d0683bf65f400f0acc48452adb
2022.05.24 18:01:16 INFO  web[][o.s.s.p.ServerPluginRepository] Deploy plugin SonarXML / 2.0.1.2020 / c5b84004face582d56f110e24c29bf9c6a679e69
2022.05.24 18:01:16 INFO  web[][o.s.s.p.ServerPluginRepository] Deploy plugin Svn / 1.9.0.1295 / 942e075773975354e32691a60bfd968065703e04
2022.05.24 18:01:17 INFO  web[][o.s.s.p.w.MasterServletFilter] Initializing servlet filter org.sonar.server.ws.WebServiceFilter@553f7d20 [pattern=UrlPattern{inclusions=[/api/system/migrate_db.*, ...], exclusions=[/api/properties*, ...]}]
2022.05.24 18:01:17 INFO  web[][o.s.s.a.EmbeddedTomcat] HTTP connector enabled on port 9000
2022.05.24 18:01:20 INFO  web[][o.s.s.p.UpdateCenterClient] Update center: https://update.sonarsource.org/update-center.properties (no proxy)
2022.05.24 18:01:21 INFO  web[][o.s.s.e.IndexCreator] Index [metadatas] is read-only. Making it writable...
2022.05.24 18:01:21 INFO  web[][o.s.s.e.IndexCreator] Index [components] is read-only. Making it writable...
2022.05.24 18:01:21 INFO  web[][o.s.s.e.IndexCreator] Index [projectmeasures] is read-only. Making it writable...
2022.05.24 18:01:21 INFO  web[][o.s.s.e.IndexCreator] Index [rules] is read-only. Making it writable...
2022.05.24 18:01:21 INFO  web[][o.s.s.e.IndexCreator] Index [issues] is read-only. Making it writable...
2022.05.24 18:01:21 INFO  web[][o.s.s.e.IndexCreator] Index [users] is read-only. Making it writable...
2022.05.24 18:01:21 INFO  web[][o.s.s.e.IndexCreator] Index [views] is read-only. Making it writable...
2022.05.24 18:01:21 INFO  web[][o.s.s.s.LogServerId] Server ID: BF41A1F2-AYDdFSo6BFn_SFp0Pe70
2022.05.24 18:01:21 WARN  web[][o.s.s.a.LogOAuthWarning] For security reasons, OAuth authentication should use HTTPS. You should set the property 'Administration > Configuration > Server base URL' to a HTTPS URL.
2022.05.24 18:01:22 WARN  web[][o.s.a.s.w.WebService$Action] The response example is not set on action api/plugins/download
2022.05.24 18:01:22 WARN  web[][o.s.a.s.w.WebService$Action] The response example is not set on action api/permissions/search_templates
2022.05.24 18:01:22 INFO  web[][o.s.s.t.TelemetryDaemon] Sharing of SonarQube statistics is enabled.
2022.05.24 18:01:22 INFO  web[][o.s.s.n.NotificationDaemon] Notification service started (delay 60 sec.)
2022.05.24 18:01:22 INFO  web[][o.s.s.s.GeneratePluginIndex] Generate scanner plugin index
2022.05.24 18:01:22 INFO  web[][o.s.s.s.RegisterPlugins] Register plugins
2022.05.24 18:01:22 INFO  web[][o.s.s.s.RegisterMetrics] Register metrics
2022.05.24 18:01:22 INFO  web[][o.s.s.r.RegisterRules] Register rules
2022.05.24 18:01:30 INFO  web[][o.s.s.q.BuiltInQProfileRepositoryImpl] Load quality profiles
2022.05.24 18:01:31 INFO  web[][o.s.s.q.RegisterQualityProfiles] Register quality profiles
2022.05.24 18:01:31 INFO  web[][o.s.s.q.RegisterQualityProfiles] Update profile css/Sonar way
2022.05.24 18:01:31 INFO  web[][o.s.s.q.RegisterQualityProfiles] Update profile scala/Sonar way
2022.05.24 18:01:32 INFO  web[][o.s.s.q.RegisterQualityProfiles] Update profile jsp/Sonar way
2022.05.24 18:01:32 INFO  web[][o.s.s.q.RegisterQualityProfiles] Update profile kotlin/Sonar way
2022.05.24 18:01:32 INFO  web[][o.s.s.q.RegisterQualityProfiles] Update profile go/Sonar way
2022.05.24 18:01:32 INFO  web[][o.s.s.q.RegisterQualityProfiles] Update profile js/Sonar way Recommended
2022.05.24 18:01:32 INFO  web[][o.s.s.q.RegisterQualityProfiles] Update profile js/Sonar way
2022.05.24 18:01:33 INFO  web[][o.s.s.q.RegisterQualityProfiles] Update profile py/Sonar way
2022.05.24 18:01:33 INFO  web[][o.s.s.q.RegisterQualityProfiles] Update profile ruby/Sonar way
2022.05.24 18:01:33 INFO  web[][o.s.s.q.RegisterQualityProfiles] Update profile cs/Sonar way
2022.05.24 18:01:33 INFO  web[][o.s.s.q.RegisterQualityProfiles] Update profile java/Sonar way
2022.05.24 18:01:34 INFO  web[][o.s.s.q.RegisterQualityProfiles] Update profile web/Sonar way
2022.05.24 18:01:34 INFO  web[][o.s.s.q.RegisterQualityProfiles] Update profile flex/Sonar way
2022.05.24 18:01:34 INFO  web[][o.s.s.q.RegisterQualityProfiles] Update profile xml/Sonar way
2022.05.24 18:01:34 INFO  web[][o.s.s.q.RegisterQualityProfiles] Update profile php/Sonar way
2022.05.24 18:01:34 INFO  web[][o.s.s.q.RegisterQualityProfiles] Update profile php/PSR-2
2022.05.24 18:01:35 INFO  web[][o.s.s.q.RegisterQualityProfiles] Update profile php/Drupal
2022.05.24 18:01:35 INFO  web[][o.s.s.q.RegisterQualityProfiles] Update profile vbnet/Sonar way
2022.05.24 18:01:35 INFO  web[][o.s.s.q.RegisterQualityProfiles] Update profile ts/Sonar way
2022.05.24 18:01:35 INFO  web[][o.s.s.q.RegisterQualityProfiles] Update profile ts/Sonar way recommended
2022.05.24 18:01:35 INFO  web[][o.s.s.s.RegisterPermissionTemplates] Register permission templates
2022.05.24 18:01:35 INFO  web[][o.s.s.s.RenameDeprecatedPropertyKeys] Rename deprecated property keys
2022.05.24 18:01:35 INFO  web[][o.s.s.p.w.MasterServletFilter] Initializing servlet filter org.sonar.server.ws.WebServiceFilter@56f9d3c [pattern=UrlPattern{inclusions=[/api/issues/delete_comment.*, ...], exclusions=[/api/properties*, ...]}]
2022.05.24 18:01:35 INFO  web[][o.s.s.p.w.MasterServletFilter] Initializing servlet filter org.sonar.server.ws.DeprecatedPropertiesWsFilter@1190e4f6 [pattern=UrlPattern{inclusions=[/api/properties/*], exclusions=[]}]
2022.05.24 18:01:35 INFO  web[][o.s.s.p.w.MasterServletFilter] Initializing servlet filter org.sonar.server.ws.WebServiceReroutingFilter@372805f2 [pattern=UrlPattern{inclusions=[/api/components/bulk_update_key, ...], exclusions=[]}]
2022.05.24 18:01:35 INFO  web[][o.s.s.p.w.MasterServletFilter] Initializing servlet filter org.sonar.server.authentication.InitFilter@121518ae [pattern=UrlPattern{inclusions=[/sessions/init/*], exclusions=[]}]
2022.05.24 18:01:35 INFO  web[][o.s.s.p.w.MasterServletFilter] Initializing servlet filter org.sonar.server.authentication.OAuth2CallbackFilter@50696378 [pattern=UrlPattern{inclusions=[/oauth2/callback/*], exclusions=[]}]
2022.05.24 18:01:35 INFO  web[][o.s.s.p.w.MasterServletFilter] Initializing servlet filter org.sonar.server.authentication.ws.LoginAction@461129f [pattern=UrlPattern{inclusions=[/api/authentication/login], exclusions=[]}]
2022.05.24 18:01:35 INFO  web[][o.s.s.p.w.MasterServletFilter] Initializing servlet filter org.sonar.server.authentication.ws.LogoutAction@77d6fdb6 [pattern=UrlPattern{inclusions=[/api/authentication/logout], exclusions=[]}]
2022.05.24 18:01:35 INFO  web[][o.s.s.p.w.MasterServletFilter] Initializing servlet filter org.sonar.server.authentication.ws.ValidateAction@182b64c6 [pattern=UrlPattern{inclusions=[/api/authentication/validate], exclusions=[]}]
2022.05.24 18:01:35 INFO  web[][o.s.s.p.p.PlatformLevelStartup] Running Community Edition
2022.05.24 18:01:35 INFO  web[][o.s.s.p.Platform] WebServer is operational
2022.05.24 18:01:58 ERROR web[][o.s.s.es.BulkIndexer] index [projectmeasures], type [auth], id [AYD2xCfcFA-lM0ICwSMN], message [ClusterBlockException[blocked by: [FORBIDDEN/12/index read-only / allow delete (api)];]]
2022.05.24 18:01:58 ERROR web[][o.s.s.es.BulkIndexer] index [projectmeasures], type [auth], id [auth_AYD2xCfcFA-lM0ICwSMN], message [ClusterBlockException[blocked by: [FORBIDDEN/12/index read-only / allow delete (api)];]]
2022.05.24 18:01:58 ERROR web[][o.s.s.es.BulkIndexer] index [components], type [auth], id [auth_AYD2xCfcFA-lM0ICwSMN], message [ClusterBlockException[blocked by: [FORBIDDEN/12/index read-only / allow delete (api)];]]
2022.05.24 18:01:58 ERROR web[][o.s.s.es.BulkIndexer] index [issues], type [auth], id [auth_AYD2xCfcFA-lM0ICwSMN], message [ClusterBlockException[blocked by: [FORBIDDEN/12/index read-only / allow delete (api)];]]
2022.05.24 18:01:58 ERROR web[][o.s.s.es.BulkIndexer] index [components], type [auth], id [AYD2xCfcFA-lM0ICwSMN], message [ClusterBlockException[blocked by: [FORBIDDEN/12/index read-only / allow delete (api)];]]
2022.05.24 18:01:58 ERROR web[][o.s.s.e.RecoveryIndexer] Elasticsearch recovery - too many failures [5/5 documents], waiting for next run
2022.05.24 18:01:58 INFO  web[][o.s.s.e.RecoveryIndexer] Elasticsearch recovery - 5 documents processed [5 failures] | time=204ms
2022.05.24 18:06:58 ERROR web[][o.s.s.es.BulkIndexer] index [projectmeasures], type [auth], id [AYD2xCfcFA-lM0ICwSMN], message [ClusterBlockException[blocked by: [FORBIDDEN/12/index read-only / allow delete (api)];]]
2022.05.24 18:06:58 ERROR web[][o.s.s.es.BulkIndexer] index [components], type [auth], id [auth_AYD2xCfcFA-lM0ICwSMN], message [ClusterBlockException[blocked by: [FORBIDDEN/12/index read-only / allow delete (api)];]]
2022.05.24 18:06:58 ERROR web[][o.s.s.es.BulkIndexer] index [issues], type [auth], id [auth_AYD2xCfcFA-lM0ICwSMN], message [ClusterBlockException[blocked by: [FORBIDDEN/12/index read-only / allow delete (api)];]]
2022.05.24 18:06:58 ERROR web[][o.s.s.es.BulkIndexer] index [projectmeasures], type [auth], id [auth_AYD2xCfcFA-lM0ICwSMN], message [ClusterBlockException[blocked by: [FORBIDDEN/12/index read-only / allow delete (api)];]]
2022.05.24 18:06:58 ERROR web[][o.s.s.es.BulkIndexer] index [components], type [auth], id [AYD2xCfcFA-lM0ICwSMN], message [ClusterBlockException[blocked by: [FORBIDDEN/12/index read-only / allow delete (api)];]]
2022.05.24 18:06:58 ERROR web[][o.s.s.e.RecoveryIndexer] Elasticsearch recovery - too many failures [5/5 documents], waiting for next run
2022.05.24 18:06:58 INFO  web[][o.s.s.e.RecoveryIndexer] Elasticsearch recovery - 5 documents processed [5 failures] | time=44ms
2022.05.24 18:14:04 INFO  web[][o.s.p.ProcessEntryPoint] Starting web
2022.05.24 18:14:06 INFO  web[][o.a.t.u.n.NioSelectorPool] Using a shared selector for servlet write/read
2022.05.24 18:14:06 INFO  web[][o.e.p.PluginsService] no modules loaded
2022.05.24 18:14:06 INFO  web[][o.e.p.PluginsService] loaded plugin [org.elasticsearch.join.ParentJoinPlugin]
2022.05.24 18:14:06 INFO  web[][o.e.p.PluginsService] loaded plugin [org.elasticsearch.percolator.PercolatorPlugin]
2022.05.24 18:14:06 INFO  web[][o.e.p.PluginsService] loaded plugin [org.elasticsearch.transport.Netty4Plugin]
2022.05.24 18:14:08 INFO  web[][o.s.s.e.EsClientProvider] Connected to local Elasticsearch: [127.0.0.1:9001]
2022.05.24 18:14:08 INFO  web[][o.s.s.p.LogServerVersion] SonarQube Server / 7.8.0.26217 / daf4da5c554d4153a11e68d13a662313e6cecc92
2022.05.24 18:14:11 INFO  web[][o.s.s.p.d.EmbeddedDatabase] Starting embedded database on port 9092 with url jdbc:h2:tcp://127.0.0.1:9092/sonar
2022.05.24 18:14:11 INFO  web[][o.s.s.p.d.EmbeddedDatabase] Embedded database started. Data stored in: /home/alumno/Escritorio/GPI/sonarqube-7.8/data
2022.05.24 18:14:11 INFO  web[][o.sonar.db.Database] Create JDBC data source for jdbc:h2:tcp://127.0.0.1:9092/sonar
2022.05.24 18:14:12 WARN  web[][o.s.db.dialect.H2] H2 database should be used for evaluation purpose only.
2022.05.24 18:14:13 INFO  web[][o.s.s.p.ServerFileSystemImpl] SonarQube home: /home/alumno/Escritorio/GPI/sonarqube-7.8
2022.05.24 18:14:13 INFO  web[][o.s.s.u.SystemPasscodeImpl] System authentication by passcode is disabled
2022.05.24 18:14:13 INFO  web[][o.s.s.p.ServerPluginRepository] Deploy plugin Git / 1.8.0.1574 / aec3dc8f5228aabd218e1cd31ac6e6515a43715d
2022.05.24 18:14:13 INFO  web[][o.s.s.p.ServerPluginRepository] Deploy plugin GitHub Authentication for SonarQube / 1.5.0.870 / 153f7c7af7a264adb0fcbe5fee87bdd140a6a3a1
2022.05.24 18:14:13 INFO  web[][o.s.s.p.ServerPluginRepository] Deploy plugin JaCoCo / 1.0.1.143 / 65c55e41e32c114704fd597ccea91fc55becb4ec
2022.05.24 18:14:13 INFO  web[][o.s.s.p.ServerPluginRepository] Deploy plugin LDAP / 2.2.0.608 / 79dc3fa4393a29667673c70182f3016288b548b7
2022.05.24 18:14:13 INFO  web[][o.s.s.p.ServerPluginRepository] Deploy plugin SAML 2.0 Authentication for SonarQube / 1.1.0.181 / 16fcb5be2d3bcfee8920b29cd758d8b957a18acb
2022.05.24 18:14:13 INFO  web[][o.s.s.p.ServerPluginRepository] Deploy plugin SonarC# / 7.14.0.8411 / 6b1f3f2cfd9555d0683bf65f400f0acc48452adb
2022.05.24 18:14:13 INFO  web[][o.s.s.p.ServerPluginRepository] Deploy plugin SonarCSS / 1.1.0.993 / ebac7cd722f1f455344f46bd3581a3ba4cfd9003
2022.05.24 18:14:13 INFO  web[][o.s.s.p.ServerPluginRepository] Deploy plugin SonarFlex / 2.4.0.1222 / 68d9cb3b7daccbc4869c4f2b89d09218d26a0829
2022.05.24 18:14:13 INFO  web[][o.s.s.p.ServerPluginRepository] Deploy plugin SonarGo / 1.1.1.2000 / 40d55921c7a63b67386a053490d17b6723a46cd5
2022.05.24 18:14:13 INFO  web[][o.s.s.p.ServerPluginRepository] Deploy plugin SonarHTML / 3.1.0.1615 / 4181edb5eff5605bec82dc0aa15ecd70eaa5857f
2022.05.24 18:14:13 INFO  web[][o.s.s.p.ServerPluginRepository] Deploy plugin SonarJS / 5.2.1.7778 / 49f34eaeaad59868d4353d89b1fc5c02bbe51976
2022.05.24 18:14:13 INFO  web[][o.s.s.p.ServerPluginRepository] Deploy plugin SonarJava / 5.13.0.18197 / 35e70591626e1b27bb059f795dda0327c02a09d3
2022.05.24 18:14:13 INFO  web[][o.s.s.p.ServerPluginRepository] Deploy plugin SonarKotlin / 1.5.0.315 / 4ff3a145a58f3f84f1b39846a205a129d742e993
2022.05.24 18:14:13 INFO  web[][o.s.s.p.ServerPluginRepository] Deploy plugin SonarPHP / 3.1.1.4762 / b5f6f72ed396a6908fd2622a7ef141fde816ee9c
2022.05.24 18:14:13 INFO  web[][o.s.s.p.ServerPluginRepository] Deploy plugin SonarPython / 1.14.0.3086 / a6ac95b01b57bfb5f4ca604b4234595bb9f04b7e
2022.05.24 18:14:13 INFO  web[][o.s.s.p.ServerPluginRepository] Deploy plugin SonarRuby / 1.5.0.315 / 4ff3a145a58f3f84f1b39846a205a129d742e993
2022.05.24 18:14:13 INFO  web[][o.s.s.p.ServerPluginRepository] Deploy plugin SonarScala / 1.5.0.315 / 4ff3a145a58f3f84f1b39846a205a129d742e993
2022.05.24 18:14:13 INFO  web[][o.s.s.p.ServerPluginRepository] Deploy plugin SonarTS / 1.9.0.3766 / 4a4080b78001a78d758d1d0fa0190fb9496b6f57
2022.05.24 18:14:13 INFO  web[][o.s.s.p.ServerPluginRepository] Deploy plugin SonarVB / 7.14.0.8411 / 6b1f3f2cfd9555d0683bf65f400f0acc48452adb
2022.05.24 18:14:13 INFO  web[][o.s.s.p.ServerPluginRepository] Deploy plugin SonarXML / 2.0.1.2020 / c5b84004face582d56f110e24c29bf9c6a679e69
2022.05.24 18:14:13 INFO  web[][o.s.s.p.ServerPluginRepository] Deploy plugin Svn / 1.9.0.1295 / 942e075773975354e32691a60bfd968065703e04
2022.05.24 18:14:14 INFO  web[][o.s.s.p.w.MasterServletFilter] Initializing servlet filter org.sonar.server.ws.WebServiceFilter@75ee11e2 [pattern=UrlPattern{inclusions=[/api/system/migrate_db.*, ...], exclusions=[/api/properties*, ...]}]
2022.05.24 18:14:15 INFO  web[][o.s.s.a.EmbeddedTomcat] HTTP connector enabled on port 9000
2022.05.24 18:14:16 INFO  web[][o.s.s.p.UpdateCenterClient] Update center: https://update.sonarsource.org/update-center.properties (no proxy)
2022.05.24 18:14:17 INFO  web[][o.s.s.e.IndexCreator] Index [metadatas] is read-only. Making it writable...
2022.05.24 18:14:17 INFO  web[][o.s.s.e.IndexCreator] Index [components] is read-only. Making it writable...
2022.05.24 18:14:18 INFO  web[][o.s.s.e.IndexCreator] Index [projectmeasures] is read-only. Making it writable...
2022.05.24 18:14:18 INFO  web[][o.s.s.e.IndexCreator] Index [rules] is read-only. Making it writable...
2022.05.24 18:14:18 INFO  web[][o.s.s.e.IndexCreator] Index [issues] is read-only. Making it writable...
2022.05.24 18:14:18 INFO  web[][o.s.s.e.IndexCreator] Index [users] is read-only. Making it writable...
2022.05.24 18:14:18 INFO  web[][o.s.s.e.IndexCreator] Index [views] is read-only. Making it writable...
2022.05.24 18:14:18 INFO  web[][o.s.s.s.LogServerId] Server ID: BF41A1F2-AYDdFSo6BFn_SFp0Pe70
2022.05.24 18:14:18 WARN  web[][o.s.s.a.LogOAuthWarning] For security reasons, OAuth authentication should use HTTPS. You should set the property 'Administration > Configuration > Server base URL' to a HTTPS URL.
2022.05.24 18:14:18 WARN  web[][o.s.a.s.w.WebService$Action] The response example is not set on action api/plugins/download
2022.05.24 18:14:18 WARN  web[][o.s.a.s.w.WebService$Action] The response example is not set on action api/permissions/search_templates
2022.05.24 18:14:18 INFO  web[][o.s.s.t.TelemetryDaemon] Sharing of SonarQube statistics is enabled.
2022.05.24 18:14:18 INFO  web[][o.s.s.n.NotificationDaemon] Notification service started (delay 60 sec.)
2022.05.24 18:14:18 INFO  web[][o.s.s.s.GeneratePluginIndex] Generate scanner plugin index
2022.05.24 18:14:18 INFO  web[][o.s.s.s.RegisterPlugins] Register plugins
2022.05.24 18:14:18 INFO  web[][o.s.s.s.RegisterMetrics] Register metrics
2022.05.24 18:14:18 INFO  web[][o.s.s.r.RegisterRules] Register rules
2022.05.24 18:14:26 INFO  web[][o.s.s.q.BuiltInQProfileRepositoryImpl] Load quality profiles
2022.05.24 18:14:28 INFO  web[][o.s.s.q.RegisterQualityProfiles] Register quality profiles
2022.05.24 18:14:28 INFO  web[][o.s.s.q.RegisterQualityProfiles] Update profile css/Sonar way
2022.05.24 18:14:28 INFO  web[][o.s.s.q.RegisterQualityProfiles] Update profile scala/Sonar way
2022.05.24 18:14:28 INFO  web[][o.s.s.q.RegisterQualityProfiles] Update profile jsp/Sonar way
2022.05.24 18:14:28 INFO  web[][o.s.s.q.RegisterQualityProfiles] Update profile kotlin/Sonar way
2022.05.24 18:14:28 INFO  web[][o.s.s.q.RegisterQualityProfiles] Update profile go/Sonar way
2022.05.24 18:14:28 INFO  web[][o.s.s.q.RegisterQualityProfiles] Update profile js/Sonar way Recommended
2022.05.24 18:14:29 INFO  web[][o.s.s.q.RegisterQualityProfiles] Update profile js/Sonar way
2022.05.24 18:14:29 INFO  web[][o.s.s.q.RegisterQualityProfiles] Update profile py/Sonar way
2022.05.24 18:14:29 INFO  web[][o.s.s.q.RegisterQualityProfiles] Update profile ruby/Sonar way
2022.05.24 18:14:29 INFO  web[][o.s.s.q.RegisterQualityProfiles] Update profile cs/Sonar way
2022.05.24 18:14:30 INFO  web[][o.s.s.q.RegisterQualityProfiles] Update profile java/Sonar way
2022.05.24 18:14:30 INFO  web[][o.s.s.q.RegisterQualityProfiles] Update profile web/Sonar way
2022.05.24 18:14:30 INFO  web[][o.s.s.q.RegisterQualityProfiles] Update profile flex/Sonar way
2022.05.24 18:14:30 INFO  web[][o.s.s.q.RegisterQualityProfiles] Update profile xml/Sonar way
2022.05.24 18:14:31 INFO  web[][o.s.s.q.RegisterQualityProfiles] Update profile php/Sonar way
2022.05.24 18:14:31 INFO  web[][o.s.s.q.RegisterQualityProfiles] Update profile php/PSR-2
2022.05.24 18:14:31 INFO  web[][o.s.s.q.RegisterQualityProfiles] Update profile php/Drupal
2022.05.24 18:14:31 INFO  web[][o.s.s.q.RegisterQualityProfiles] Update profile vbnet/Sonar way
2022.05.24 18:14:31 INFO  web[][o.s.s.q.RegisterQualityProfiles] Update profile ts/Sonar way
2022.05.24 18:14:31 INFO  web[][o.s.s.q.RegisterQualityProfiles] Update profile ts/Sonar way recommended
2022.05.24 18:14:31 INFO  web[][o.s.s.s.RegisterPermissionTemplates] Register permission templates
2022.05.24 18:14:31 INFO  web[][o.s.s.s.RenameDeprecatedPropertyKeys] Rename deprecated property keys
2022.05.24 18:14:31 INFO  web[][o.s.s.p.w.MasterServletFilter] Initializing servlet filter org.sonar.server.ws.WebServiceFilter@2669e427 [pattern=UrlPattern{inclusions=[/api/issues/delete_comment.*, ...], exclusions=[/api/properties*, ...]}]
2022.05.24 18:14:31 INFO  web[][o.s.s.p.w.MasterServletFilter] Initializing servlet filter org.sonar.server.ws.DeprecatedPropertiesWsFilter@523adbdc [pattern=UrlPattern{inclusions=[/api/properties/*], exclusions=[]}]
2022.05.24 18:14:31 INFO  web[][o.s.s.p.w.MasterServletFilter] Initializing servlet filter org.sonar.server.ws.WebServiceReroutingFilter@44b4446f [pattern=UrlPattern{inclusions=[/api/components/bulk_update_key, ...], exclusions=[]}]
2022.05.24 18:14:31 INFO  web[][o.s.s.p.w.MasterServletFilter] Initializing servlet filter org.sonar.server.authentication.InitFilter@2c5f2518 [pattern=UrlPattern{inclusions=[/sessions/init/*], exclusions=[]}]
2022.05.24 18:14:31 INFO  web[][o.s.s.p.w.MasterServletFilter] Initializing servlet filter org.sonar.server.authentication.OAuth2CallbackFilter@43450058 [pattern=UrlPattern{inclusions=[/oauth2/callback/*], exclusions=[]}]
2022.05.24 18:14:31 INFO  web[][o.s.s.p.w.MasterServletFilter] Initializing servlet filter org.sonar.server.authentication.ws.LoginAction@724fb15d [pattern=UrlPattern{inclusions=[/api/authentication/login], exclusions=[]}]
2022.05.24 18:14:31 INFO  web[][o.s.s.p.w.MasterServletFilter] Initializing servlet filter org.sonar.server.authentication.ws.LogoutAction@19aa28a6 [pattern=UrlPattern{inclusions=[/api/authentication/logout], exclusions=[]}]
2022.05.24 18:14:31 INFO  web[][o.s.s.p.w.MasterServletFilter] Initializing servlet filter org.sonar.server.authentication.ws.ValidateAction@5879a563 [pattern=UrlPattern{inclusions=[/api/authentication/validate], exclusions=[]}]
2022.05.24 18:14:32 INFO  web[][o.s.s.p.p.PlatformLevelStartup] Running Community Edition
2022.05.24 18:14:32 INFO  web[][o.s.s.p.Platform] WebServer is operational
2022.05.24 18:14:47 ERROR web[][o.s.s.es.BulkIndexer] index [projectmeasures], type [auth], id [AYD2xCfcFA-lM0ICwSMN], message [ClusterBlockException[blocked by: [FORBIDDEN/12/index read-only / allow delete (api)];]]
2022.05.24 18:14:48 ERROR web[][o.s.s.es.BulkIndexer] index [components], type [auth], id [auth_AYD2xCfcFA-lM0ICwSMN], message [ClusterBlockException[blocked by: [FORBIDDEN/12/index read-only / allow delete (api)];]]
2022.05.24 18:14:48 ERROR web[][o.s.s.es.BulkIndexer] index [projectmeasures], type [auth], id [auth_AYD2xCfcFA-lM0ICwSMN], message [ClusterBlockException[blocked by: [FORBIDDEN/12/index read-only / allow delete (api)];]]
2022.05.24 18:14:48 ERROR web[][o.s.s.es.BulkIndexer] index [issues], type [auth], id [auth_AYD2xCfcFA-lM0ICwSMN], message [ClusterBlockException[blocked by: [FORBIDDEN/12/index read-only / allow delete (api)];]]
2022.05.24 18:14:48 ERROR web[][o.s.s.es.BulkIndexer] index [components], type [auth], id [AYD2xCfcFA-lM0ICwSMN], message [ClusterBlockException[blocked by: [FORBIDDEN/12/index read-only / allow delete (api)];]]
2022.05.24 18:14:48 ERROR web[][o.s.s.e.RecoveryIndexer] Elasticsearch recovery - too many failures [5/5 documents], waiting for next run
2022.05.24 18:14:48 INFO  web[][o.s.s.e.RecoveryIndexer] Elasticsearch recovery - 5 documents processed [5 failures] | time=553ms
2022.05.24 18:15:43 ERROR web[][o.s.s.es.BulkIndexer] index [components], type [auth], id [AYDxR7kfxnzouBU4kIH4], message [ClusterBlockException[blocked by: [FORBIDDEN/12/index read-only / allow delete (api)];]]
2022.05.24 18:15:43 ERROR web[][o.s.s.es.BulkIndexer] index [components], type [auth], id [AYDxSCvvZpLPgYcKOTTh], message [ClusterBlockException[blocked by: [FORBIDDEN/12/index read-only / allow delete (api)];]]
2022.05.24 18:15:43 ERROR web[][o.s.s.es.BulkIndexer] index [components], type [auth], id [AYDxSCvvZpLPgYcKOTTa], message [ClusterBlockException[blocked by: [FORBIDDEN/12/index read-only / allow delete (api)];]]
2022.05.24 18:15:43 ERROR web[][o.s.s.es.BulkIndexer] index [components], type [auth], id [AYDxSCvvZpLPgYcKOTTX], message [ClusterBlockException[blocked by: [FORBIDDEN/12/index read-only / allow delete (api)];]]
2022.05.24 18:15:43 ERROR web[][o.s.s.es.BulkIndexer] index [components], type [auth], id [AYDxSCvtZpLPgYcKOTTV], message [ClusterBlockException[blocked by: [FORBIDDEN/12/index read-only / allow delete (api)];]]
2022.05.24 18:15:43 ERROR web[][o.s.s.es.BulkIndexer] index [components], type [auth], id [AYDxSCvvZpLPgYcKOTTW], message [ClusterBlockException[blocked by: [FORBIDDEN/12/index read-only / allow delete (api)];]]
2022.05.24 18:15:43 ERROR web[][o.s.s.es.BulkIndexer] index [components], type [auth], id [AYDxSCvvZpLPgYcKOTTZ], message [ClusterBlockException[blocked by: [FORBIDDEN/12/index read-only / allow delete (api)];]]
2022.05.24 18:15:43 ERROR web[][o.s.s.es.BulkIndexer] index [components], type [auth], id [AYDxSCvvZpLPgYcKOTTY], message [ClusterBlockException[blocked by: [FORBIDDEN/12/index read-only / allow delete (api)];]]
2022.05.24 18:15:43 ERROR web[][o.s.s.es.BulkIndexer] index [components], type [auth], id [AYDxSCvvZpLPgYcKOTTd], message [ClusterBlockException[blocked by: [FORBIDDEN/12/index read-only / allow delete (api)];]]
2022.05.24 18:15:43 ERROR web[][o.s.s.es.BulkIndexer] index [components], type [auth], id [AYDxSCvvZpLPgYcKOTTb], message [ClusterBlockException[blocked by: [FORBIDDEN/12/index read-only / allow delete (api)];]]
2022.05.24 18:15:43 ERROR web[][o.s.s.es.BulkIndexer] index [components], type [auth], id [AYDxSCvvZpLPgYcKOTTc], message [ClusterBlockException[blocked by: [FORBIDDEN/12/index read-only / allow delete (api)];]]
2022.05.24 18:15:43 ERROR web[][o.s.s.es.BulkIndexer] index [components], type [auth], id [AYDxSCvvZpLPgYcKOTTe], message [ClusterBlockException[blocked by: [FORBIDDEN/12/index read-only / allow delete (api)];]]
2022.05.24 18:15:43 ERROR web[][o.s.s.es.BulkIndexer] index [components], type [auth], id [AYDxSCvvZpLPgYcKOTTg], message [ClusterBlockException[blocked by: [FORBIDDEN/12/index read-only / allow delete (api)];]]
2022.05.24 18:15:43 ERROR web[][o.s.s.es.BulkIndexer] index [components], type [auth], id [AYDxSCvvZpLPgYcKOTTf], message [ClusterBlockException[blocked by: [FORBIDDEN/12/index read-only / allow delete (api)];]]
2022.05.24 18:15:43 ERROR web[][o.s.s.es.BulkIndexer] index [issues], type [auth], id [auth_AYDxR7kfxnzouBU4kIH4], message [ClusterBlockException[blocked by: [FORBIDDEN/12/index read-only / allow delete (api)];]]
2022.05.24 18:15:43 ERROR web[][o.s.s.es.BulkIndexer] index [components], type [auth], id [auth_AYDxR7kfxnzouBU4kIH4], message [ClusterBlockException[blocked by: [FORBIDDEN/12/index read-only / allow delete (api)];]]
2022.05.24 18:15:43 ERROR web[][o.s.s.es.BulkIndexer] index [projectmeasures], type [auth], id [auth_AYDxR7kfxnzouBU4kIH4], message [ClusterBlockException[blocked by: [FORBIDDEN/12/index read-only / allow delete (api)];]]
2022.05.24 18:15:43 ERROR web[][o.s.s.es.BulkIndexer] index [issues], type [auth], id [AYDxSDJaZpLPgYcKOTTi], message [ClusterBlockException[blocked by: [FORBIDDEN/12/index read-only / allow delete (api)];]]
2022.05.24 18:15:43 ERROR web[][o.s.s.es.BulkIndexer] index [issues], type [auth], id [AYDxSDJaZpLPgYcKOTTj], message [ClusterBlockException[blocked by: [FORBIDDEN/12/index read-only / allow delete (api)];]]
2022.05.24 18:15:43 ERROR web[][o.s.s.es.BulkIndexer] index [issues], type [auth], id [AYDxSDNoZpLPgYcKOTTk], message [ClusterBlockException[blocked by: [FORBIDDEN/12/index read-only / allow delete (api)];]]
2022.05.24 18:15:43 ERROR web[][o.s.s.es.BulkIndexer] index [projectmeasures], type [auth], id [AYDxR7kfxnzouBU4kIH4], message [ClusterBlockException[blocked by: [FORBIDDEN/12/index read-only / allow delete (api)];]]
2022.05.24 18:15:50 ERROR web[][o.s.s.es.BulkIndexer] index [components], type [auth], id [AYDdFlwZBFn_SFp0PhEC], message [ClusterBlockException[blocked by: [FORBIDDEN/12/index read-only / allow delete (api)];]]
2022.05.24 18:15:50 ERROR web[][o.s.s.es.BulkIndexer] index [components], type [auth], id [AYDdO7ohr9k8519_yR62], message [ClusterBlockException[blocked by: [FORBIDDEN/12/index read-only / allow delete (api)];]]
2022.05.24 18:15:50 ERROR web[][o.s.s.es.BulkIndexer] index [components], type [auth], id [AYDdO7ogr9k8519_yR6v], message [ClusterBlockException[blocked by: [FORBIDDEN/12/index read-only / allow delete (api)];]]
2022.05.24 18:15:50 ERROR web[][o.s.s.es.BulkIndexer] index [components], type [auth], id [AYDdO7ogr9k8519_yR6s], message [ClusterBlockException[blocked by: [FORBIDDEN/12/index read-only / allow delete (api)];]]
2022.05.24 18:15:50 ERROR web[][o.s.s.es.BulkIndexer] index [components], type [auth], id [AYDdO7oer9k8519_yR6q], message [ClusterBlockException[blocked by: [FORBIDDEN/12/index read-only / allow delete (api)];]]
2022.05.24 18:15:50 ERROR web[][o.s.s.es.BulkIndexer] index [components], type [auth], id [AYDdO7ogr9k8519_yR6r], message [ClusterBlockException[blocked by: [FORBIDDEN/12/index read-only / allow delete (api)];]]
2022.05.24 18:15:50 ERROR web[][o.s.s.es.BulkIndexer] index [components], type [auth], id [AYDdO7ogr9k8519_yR6u], message [ClusterBlockException[blocked by: [FORBIDDEN/12/index read-only / allow delete (api)];]]
2022.05.24 18:15:50 ERROR web[][o.s.s.es.BulkIndexer] index [components], type [auth], id [AYDdO7ogr9k8519_yR6t], message [ClusterBlockException[blocked by: [FORBIDDEN/12/index read-only / allow delete (api)];]]
2022.05.24 18:15:50 ERROR web[][o.s.s.es.BulkIndexer] index [components], type [auth], id [AYDdO7ohr9k8519_yR6y], message [ClusterBlockException[blocked by: [FORBIDDEN/12/index read-only / allow delete (api)];]]
2022.05.24 18:15:50 ERROR web[][o.s.s.es.BulkIndexer] index [components], type [auth], id [AYDdO7ogr9k8519_yR6w], message [ClusterBlockException[blocked by: [FORBIDDEN/12/index read-only / allow delete (api)];]]
2022.05.24 18:15:50 ERROR web[][o.s.s.es.BulkIndexer] index [components], type [auth], id [AYDdO7ohr9k8519_yR6x], message [ClusterBlockException[blocked by: [FORBIDDEN/12/index read-only / allow delete (api)];]]
2022.05.24 18:15:50 ERROR web[][o.s.s.es.BulkIndexer] index [components], type [auth], id [AYDdO7ohr9k8519_yR6z], message [ClusterBlockException[blocked by: [FORBIDDEN/12/index read-only / allow delete (api)];]]
2022.05.24 18:15:50 ERROR web[][o.s.s.es.BulkIndexer] index [components], type [auth], id [AYDdO7ohr9k8519_yR61], message [ClusterBlockException[blocked by: [FORBIDDEN/12/index read-only / allow delete (api)];]]
2022.05.24 18:15:50 ERROR web[][o.s.s.es.BulkIndexer] index [components], type [auth], id [AYDdO7ohr9k8519_yR60], message [ClusterBlockException[blocked by: [FORBIDDEN/12/index read-only / allow delete (api)];]]
2022.05.24 18:15:50 ERROR web[][o.s.s.es.BulkIndexer] index [issues], type [auth], id [auth_AYDdFlwZBFn_SFp0PhEC], message [ClusterBlockException[blocked by: [FORBIDDEN/12/index read-only / allow delete (api)];]]
2022.05.24 18:15:50 ERROR web[][o.s.s.es.BulkIndexer] index [components], type [auth], id [auth_AYDdFlwZBFn_SFp0PhEC], message [ClusterBlockException[blocked by: [FORBIDDEN/12/index read-only / allow delete (api)];]]
2022.05.24 18:15:50 ERROR web[][o.s.s.es.BulkIndexer] index [projectmeasures], type [auth], id [auth_AYDdFlwZBFn_SFp0PhEC], message [ClusterBlockException[blocked by: [FORBIDDEN/12/index read-only / allow delete (api)];]]
2022.05.24 18:15:50 ERROR web[][o.s.s.es.BulkIndexer] index [issues], type [auth], id [AYDdO7__r9k8519_yR63], message [ClusterBlockException[blocked by: [FORBIDDEN/12/index read-only / allow delete (api)];]]
2022.05.24 18:15:50 ERROR web[][o.s.s.es.BulkIndexer] index [issues], type [auth], id [AYDdO8AAr9k8519_yR64], message [ClusterBlockException[blocked by: [FORBIDDEN/12/index read-only / allow delete (api)];]]
2022.05.24 18:15:50 ERROR web[][o.s.s.es.BulkIndexer] index [issues], type [auth], id [AYDdO8B-r9k8519_yR65], message [ClusterBlockException[blocked by: [FORBIDDEN/12/index read-only / allow delete (api)];]]
2022.05.24 18:15:50 ERROR web[][o.s.s.es.BulkIndexer] index [projectmeasures], type [auth], id [AYDdFlwZBFn_SFp0PhEC], message [ClusterBlockException[blocked by: [FORBIDDEN/12/index read-only / allow delete (api)];]]
2022.05.24 18:15:58 ERROR web[][o.s.s.es.BulkIndexer] index [components], type [auth], id [AYDdUAp5_7G1xAxUEMYr], message [ClusterBlockException[blocked by: [FORBIDDEN/12/index read-only / allow delete (api)];]]
2022.05.24 18:15:58 ERROR web[][o.s.s.es.BulkIndexer] index [issues], type [auth], id [auth_AYDdUAp5_7G1xAxUEMYr], message [ClusterBlockException[blocked by: [FORBIDDEN/12/index read-only / allow delete (api)];]]
2022.05.24 18:15:58 ERROR web[][o.s.s.es.BulkIndexer] index [components], type [auth], id [auth_AYDdUAp5_7G1xAxUEMYr], message [ClusterBlockException[blocked by: [FORBIDDEN/12/index read-only / allow delete (api)];]]
2022.05.24 18:15:58 ERROR web[][o.s.s.es.BulkIndexer] index [projectmeasures], type [auth], id [auth_AYDdUAp5_7G1xAxUEMYr], message [ClusterBlockException[blocked by: [FORBIDDEN/12/index read-only / allow delete (api)];]]
2022.05.24 18:15:58 ERROR web[][o.s.s.es.BulkIndexer] index [projectmeasures], type [auth], id [AYDdUAp5_7G1xAxUEMYr], message [ClusterBlockException[blocked by: [FORBIDDEN/12/index read-only / allow delete (api)];]]
2022.05.24 18:16:22 ERROR web[][o.s.s.es.BulkIndexer] index [components], type [auth], id [AYD22uQCxfygDff_0cO7], message [ClusterBlockException[blocked by: [FORBIDDEN/12/index read-only / allow delete (api)];]]
2022.05.24 18:16:22 ERROR web[][o.s.s.es.BulkIndexer] index [issues], type [auth], id [auth_AYD22uQCxfygDff_0cO7], message [ClusterBlockException[blocked by: [FORBIDDEN/12/index read-only / allow delete (api)];]]
2022.05.24 18:16:22 ERROR web[][o.s.s.es.BulkIndexer] index [components], type [auth], id [auth_AYD22uQCxfygDff_0cO7], message [ClusterBlockException[blocked by: [FORBIDDEN/12/index read-only / allow delete (api)];]]
2022.05.24 18:16:22 ERROR web[][o.s.s.es.BulkIndexer] index [projectmeasures], type [auth], id [auth_AYD22uQCxfygDff_0cO7], message [ClusterBlockException[blocked by: [FORBIDDEN/12/index read-only / allow delete (api)];]]
2022.05.24 18:16:22 ERROR web[][o.s.s.es.BulkIndexer] index [projectmeasures], type [auth], id [AYD22uQCxfygDff_0cO7], message [ClusterBlockException[blocked by: [FORBIDDEN/12/index read-only / allow delete (api)];]]
2022.05.24 18:23:00 INFO  web[][o.s.p.ProcessEntryPoint] Starting web
2022.05.24 18:23:01 INFO  web[][o.a.t.u.n.NioSelectorPool] Using a shared selector for servlet write/read
2022.05.24 18:23:02 INFO  web[][o.e.p.PluginsService] no modules loaded
2022.05.24 18:23:02 INFO  web[][o.e.p.PluginsService] loaded plugin [org.elasticsearch.join.ParentJoinPlugin]
2022.05.24 18:23:02 INFO  web[][o.e.p.PluginsService] loaded plugin [org.elasticsearch.percolator.PercolatorPlugin]
2022.05.24 18:23:02 INFO  web[][o.e.p.PluginsService] loaded plugin [org.elasticsearch.transport.Netty4Plugin]
2022.05.24 18:23:04 INFO  web[][o.s.s.e.EsClientProvider] Connected to local Elasticsearch: [127.0.0.1:9001]
2022.05.24 18:23:04 INFO  web[][o.s.s.p.LogServerVersion] SonarQube Server / 7.8.0.26217 / daf4da5c554d4153a11e68d13a662313e6cecc92
2022.05.24 18:23:06 INFO  web[][o.s.s.p.d.EmbeddedDatabase] Starting embedded database on port 9092 with url jdbc:h2:tcp://127.0.0.1:9092/sonar
2022.05.24 18:23:06 INFO  web[][o.s.s.p.d.EmbeddedDatabase] Embedded database started. Data stored in: /home/alumno/Escritorio/GPI/sonarqube-7.8/data
2022.05.24 18:23:06 INFO  web[][o.sonar.db.Database] Create JDBC data source for jdbc:h2:tcp://127.0.0.1:9092/sonar
2022.05.24 18:23:07 WARN  web[][o.s.db.dialect.H2] H2 database should be used for evaluation purpose only.
2022.05.24 18:23:08 INFO  web[][o.s.s.p.ServerFileSystemImpl] SonarQube home: /home/alumno/Escritorio/GPI/sonarqube-7.8
2022.05.24 18:23:08 INFO  web[][o.s.s.u.SystemPasscodeImpl] System authentication by passcode is disabled
2022.05.24 18:23:09 INFO  web[][o.s.s.p.ServerPluginRepository] Deploy plugin Git / 1.8.0.1574 / aec3dc8f5228aabd218e1cd31ac6e6515a43715d
2022.05.24 18:23:09 INFO  web[][o.s.s.p.ServerPluginRepository] Deploy plugin GitHub Authentication for SonarQube / 1.5.0.870 / 153f7c7af7a264adb0fcbe5fee87bdd140a6a3a1
2022.05.24 18:23:09 INFO  web[][o.s.s.p.ServerPluginRepository] Deploy plugin JaCoCo / 1.0.1.143 / 65c55e41e32c114704fd597ccea91fc55becb4ec
2022.05.24 18:23:09 INFO  web[][o.s.s.p.ServerPluginRepository] Deploy plugin LDAP / 2.2.0.608 / 79dc3fa4393a29667673c70182f3016288b548b7
2022.05.24 18:23:09 INFO  web[][o.s.s.p.ServerPluginRepository] Deploy plugin SAML 2.0 Authentication for SonarQube / 1.1.0.181 / 16fcb5be2d3bcfee8920b29cd758d8b957a18acb
2022.05.24 18:23:09 INFO  web[][o.s.s.p.ServerPluginRepository] Deploy plugin SonarC# / 7.14.0.8411 / 6b1f3f2cfd9555d0683bf65f400f0acc48452adb
2022.05.24 18:23:09 INFO  web[][o.s.s.p.ServerPluginRepository] Deploy plugin SonarCSS / 1.1.0.993 / ebac7cd722f1f455344f46bd3581a3ba4cfd9003
2022.05.24 18:23:09 INFO  web[][o.s.s.p.ServerPluginRepository] Deploy plugin SonarFlex / 2.4.0.1222 / 68d9cb3b7daccbc4869c4f2b89d09218d26a0829
2022.05.24 18:23:09 INFO  web[][o.s.s.p.ServerPluginRepository] Deploy plugin SonarGo / 1.1.1.2000 / 40d55921c7a63b67386a053490d17b6723a46cd5
2022.05.24 18:23:09 INFO  web[][o.s.s.p.ServerPluginRepository] Deploy plugin SonarHTML / 3.1.0.1615 / 4181edb5eff5605bec82dc0aa15ecd70eaa5857f
2022.05.24 18:23:09 INFO  web[][o.s.s.p.ServerPluginRepository] Deploy plugin SonarJS / 5.2.1.7778 / 49f34eaeaad59868d4353d89b1fc5c02bbe51976
2022.05.24 18:23:09 INFO  web[][o.s.s.p.ServerPluginRepository] Deploy plugin SonarJava / 5.13.0.18197 / 35e70591626e1b27bb059f795dda0327c02a09d3
2022.05.24 18:23:09 INFO  web[][o.s.s.p.ServerPluginRepository] Deploy plugin SonarKotlin / 1.5.0.315 / 4ff3a145a58f3f84f1b39846a205a129d742e993
2022.05.24 18:23:09 INFO  web[][o.s.s.p.ServerPluginRepository] Deploy plugin SonarPHP / 3.1.1.4762 / b5f6f72ed396a6908fd2622a7ef141fde816ee9c
2022.05.24 18:23:09 INFO  web[][o.s.s.p.ServerPluginRepository] Deploy plugin SonarPython / 1.14.0.3086 / a6ac95b01b57bfb5f4ca604b4234595bb9f04b7e
2022.05.24 18:23:09 INFO  web[][o.s.s.p.ServerPluginRepository] Deploy plugin SonarRuby / 1.5.0.315 / 4ff3a145a58f3f84f1b39846a205a129d742e993
2022.05.24 18:23:09 INFO  web[][o.s.s.p.ServerPluginRepository] Deploy plugin SonarScala / 1.5.0.315 / 4ff3a145a58f3f84f1b39846a205a129d742e993
2022.05.24 18:23:09 INFO  web[][o.s.s.p.ServerPluginRepository] Deploy plugin SonarTS / 1.9.0.3766 / 4a4080b78001a78d758d1d0fa0190fb9496b6f57
2022.05.24 18:23:09 INFO  web[][o.s.s.p.ServerPluginRepository] Deploy plugin SonarVB / 7.14.0.8411 / 6b1f3f2cfd9555d0683bf65f400f0acc48452adb
2022.05.24 18:23:09 INFO  web[][o.s.s.p.ServerPluginRepository] Deploy plugin SonarXML / 2.0.1.2020 / c5b84004face582d56f110e24c29bf9c6a679e69
2022.05.24 18:23:09 INFO  web[][o.s.s.p.ServerPluginRepository] Deploy plugin Svn / 1.9.0.1295 / 942e075773975354e32691a60bfd968065703e04
2022.05.24 18:23:10 INFO  web[][o.s.s.p.w.MasterServletFilter] Initializing servlet filter org.sonar.server.ws.WebServiceFilter@41f2062 [pattern=UrlPattern{inclusions=[/api/system/migrate_db.*, ...], exclusions=[/api/properties*, ...]}]
2022.05.24 18:23:10 INFO  web[][o.s.s.a.EmbeddedTomcat] HTTP connector enabled on port 9000
2022.05.24 18:23:12 INFO  web[][o.s.s.p.UpdateCenterClient] Update center: https://update.sonarsource.org/update-center.properties (no proxy)
2022.05.24 18:23:12 INFO  web[][o.s.s.e.IndexCreator] Index [metadatas] is read-only. Making it writable...
2022.05.24 18:23:13 INFO  web[][o.s.s.e.IndexCreator] Index [components] is read-only. Making it writable...
2022.05.24 18:23:13 INFO  web[][o.s.s.e.IndexCreator] Index [projectmeasures] is read-only. Making it writable...
2022.05.24 18:23:13 INFO  web[][o.s.s.e.IndexCreator] Index [rules] is read-only. Making it writable...
2022.05.24 18:23:13 INFO  web[][o.s.s.e.IndexCreator] Index [issues] is read-only. Making it writable...
2022.05.24 18:23:13 INFO  web[][o.s.s.e.IndexCreator] Index [users] is read-only. Making it writable...
2022.05.24 18:23:13 INFO  web[][o.s.s.e.IndexCreator] Index [views] is read-only. Making it writable...
2022.05.24 18:23:13 INFO  web[][o.s.s.s.LogServerId] Server ID: BF41A1F2-AYDdFSo6BFn_SFp0Pe70
2022.05.24 18:23:13 WARN  web[][o.s.s.a.LogOAuthWarning] For security reasons, OAuth authentication should use HTTPS. You should set the property 'Administration > Configuration > Server base URL' to a HTTPS URL.
2022.05.24 18:23:13 WARN  web[][o.s.a.s.w.WebService$Action] The response example is not set on action api/plugins/download
2022.05.24 18:23:13 WARN  web[][o.s.a.s.w.WebService$Action] The response example is not set on action api/permissions/search_templates
2022.05.24 18:23:13 INFO  web[][o.s.s.t.TelemetryDaemon] Sharing of SonarQube statistics is enabled.
2022.05.24 18:23:13 INFO  web[][o.s.s.n.NotificationDaemon] Notification service started (delay 60 sec.)
2022.05.24 18:23:13 INFO  web[][o.s.s.s.GeneratePluginIndex] Generate scanner plugin index
2022.05.24 18:23:13 INFO  web[][o.s.s.s.RegisterPlugins] Register plugins
2022.05.24 18:23:13 INFO  web[][o.s.s.s.RegisterMetrics] Register metrics
2022.05.24 18:23:14 INFO  web[][o.s.s.r.RegisterRules] Register rules
2022.05.24 18:23:21 INFO  web[][o.s.s.q.BuiltInQProfileRepositoryImpl] Load quality profiles
2022.05.24 18:23:22 INFO  web[][o.s.s.q.RegisterQualityProfiles] Register quality profiles
2022.05.24 18:23:22 INFO  web[][o.s.s.q.RegisterQualityProfiles] Update profile css/Sonar way
2022.05.24 18:23:22 INFO  web[][o.s.s.q.RegisterQualityProfiles] Update profile scala/Sonar way
2022.05.24 18:23:22 INFO  web[][o.s.s.q.RegisterQualityProfiles] Update profile jsp/Sonar way
2022.05.24 18:23:22 INFO  web[][o.s.s.q.RegisterQualityProfiles] Update profile kotlin/Sonar way
2022.05.24 18:23:23 INFO  web[][o.s.s.q.RegisterQualityProfiles] Update profile go/Sonar way
2022.05.24 18:23:23 INFO  web[][o.s.s.q.RegisterQualityProfiles] Update profile js/Sonar way Recommended
2022.05.24 18:23:23 INFO  web[][o.s.s.q.RegisterQualityProfiles] Update profile js/Sonar way
2022.05.24 18:23:23 INFO  web[][o.s.s.q.RegisterQualityProfiles] Update profile py/Sonar way
2022.05.24 18:23:23 INFO  web[][o.s.s.q.RegisterQualityProfiles] Update profile ruby/Sonar way
2022.05.24 18:23:24 INFO  web[][o.s.s.q.RegisterQualityProfiles] Update profile cs/Sonar way
2022.05.24 18:23:24 INFO  web[][o.s.s.q.RegisterQualityProfiles] Update profile java/Sonar way
2022.05.24 18:23:24 INFO  web[][o.s.s.q.RegisterQualityProfiles] Update profile web/Sonar way
2022.05.24 18:23:24 INFO  web[][o.s.s.q.RegisterQualityProfiles] Update profile flex/Sonar way
2022.05.24 18:23:24 INFO  web[][o.s.s.q.RegisterQualityProfiles] Update profile xml/Sonar way
2022.05.24 18:23:24 INFO  web[][o.s.s.q.RegisterQualityProfiles] Update profile php/Sonar way
2022.05.24 18:23:25 INFO  web[][o.s.s.q.RegisterQualityProfiles] Update profile php/PSR-2
2022.05.24 18:23:25 INFO  web[][o.s.s.q.RegisterQualityProfiles] Update profile php/Drupal
2022.05.24 18:23:25 INFO  web[][o.s.s.q.RegisterQualityProfiles] Update profile vbnet/Sonar way
2022.05.24 18:23:25 INFO  web[][o.s.s.q.RegisterQualityProfiles] Update profile ts/Sonar way
2022.05.24 18:23:25 INFO  web[][o.s.s.q.RegisterQualityProfiles] Update profile ts/Sonar way recommended
2022.05.24 18:23:25 INFO  web[][o.s.s.s.RegisterPermissionTemplates] Register permission templates
2022.05.24 18:23:25 INFO  web[][o.s.s.s.RenameDeprecatedPropertyKeys] Rename deprecated property keys
2022.05.24 18:23:25 INFO  web[][o.s.s.p.w.MasterServletFilter] Initializing servlet filter org.sonar.server.ws.WebServiceFilter@7557aaaf [pattern=UrlPattern{inclusions=[/api/issues/delete_comment.*, ...], exclusions=[/api/properties*, ...]}]
2022.05.24 18:23:25 INFO  web[][o.s.s.p.w.MasterServletFilter] Initializing servlet filter org.sonar.server.ws.DeprecatedPropertiesWsFilter@14b995fc [pattern=UrlPattern{inclusions=[/api/properties/*], exclusions=[]}]
2022.05.24 18:23:25 INFO  web[][o.s.s.p.w.MasterServletFilter] Initializing servlet filter org.sonar.server.ws.WebServiceReroutingFilter@7584a20d [pattern=UrlPattern{inclusions=[/api/components/bulk_update_key, ...], exclusions=[]}]
2022.05.24 18:23:25 INFO  web[][o.s.s.p.w.MasterServletFilter] Initializing servlet filter org.sonar.server.authentication.InitFilter@67738a00 [pattern=UrlPattern{inclusions=[/sessions/init/*], exclusions=[]}]
2022.05.24 18:23:25 INFO  web[][o.s.s.p.w.MasterServletFilter] Initializing servlet filter org.sonar.server.authentication.OAuth2CallbackFilter@63e5acf7 [pattern=UrlPattern{inclusions=[/oauth2/callback/*], exclusions=[]}]
2022.05.24 18:23:25 INFO  web[][o.s.s.p.w.MasterServletFilter] Initializing servlet filter org.sonar.server.authentication.ws.LoginAction@63f5c64f [pattern=UrlPattern{inclusions=[/api/authentication/login], exclusions=[]}]
2022.05.24 18:23:25 INFO  web[][o.s.s.p.w.MasterServletFilter] Initializing servlet filter org.sonar.server.authentication.ws.LogoutAction@118680bb [pattern=UrlPattern{inclusions=[/api/authentication/logout], exclusions=[]}]
2022.05.24 18:23:25 INFO  web[][o.s.s.p.w.MasterServletFilter] Initializing servlet filter org.sonar.server.authentication.ws.ValidateAction@2fb45091 [pattern=UrlPattern{inclusions=[/api/authentication/validate], exclusions=[]}]
2022.05.24 18:23:25 INFO  web[][o.s.s.p.p.PlatformLevelStartup] Running Community Edition
2022.05.24 18:23:25 INFO  web[][o.s.s.p.Platform] WebServer is operational
2022.05.24 18:23:52 ERROR web[][o.s.s.es.BulkIndexer] index [issues], type [auth], id [auth_AYD2xCfcFA-lM0ICwSMN], message [ClusterBlockException[blocked by: [FORBIDDEN/12/index read-only / allow delete (api)];]]
2022.05.24 18:23:52 ERROR web[][o.s.s.es.BulkIndexer] index [issues], type [auth], id [auth_AYD22uQCxfygDff_0cO7], message [ClusterBlockException[blocked by: [FORBIDDEN/12/index read-only / allow delete (api)];]]
2022.05.24 18:23:52 ERROR web[][o.s.s.es.BulkIndexer] index [issues], type [auth], id [auth_AYDxR7kfxnzouBU4kIH4], message [ClusterBlockException[blocked by: [FORBIDDEN/12/index read-only / allow delete (api)];]]
2022.05.24 18:23:52 ERROR web[][o.s.s.es.BulkIndexer] index [issues], type [auth], id [auth_AYDdUAp5_7G1xAxUEMYr], message [ClusterBlockException[blocked by: [FORBIDDEN/12/index read-only / allow delete (api)];]]
2022.05.24 18:23:52 ERROR web[][o.s.s.es.BulkIndexer] index [issues], type [auth], id [auth_AYDdFlwZBFn_SFp0PhEC], message [ClusterBlockException[blocked by: [FORBIDDEN/12/index read-only / allow delete (api)];]]
2022.05.24 18:23:52 ERROR web[][o.s.s.es.BulkIndexer] index [projectmeasures], type [auth], id [AYD22uQCxfygDff_0cO7], message [ClusterBlockException[blocked by: [FORBIDDEN/12/index read-only / allow delete (api)];]]
2022.05.24 18:23:52 ERROR web[][o.s.s.es.BulkIndexer] index [projectmeasures], type [auth], id [AYD2xCfcFA-lM0ICwSMN], message [ClusterBlockException[blocked by: [FORBIDDEN/12/index read-only / allow delete (api)];]]
2022.05.24 18:23:52 ERROR web[][o.s.s.es.BulkIndexer] index [projectmeasures], type [auth], id [AYDdUAp5_7G1xAxUEMYr], message [ClusterBlockException[blocked by: [FORBIDDEN/12/index read-only / allow delete (api)];]]
2022.05.24 18:23:52 ERROR web[][o.s.s.es.BulkIndexer] index [projectmeasures], type [auth], id [AYDdFlwZBFn_SFp0PhEC], message [ClusterBlockException[blocked by: [FORBIDDEN/12/index read-only / allow delete (api)];]]
2022.05.24 18:23:52 ERROR web[][o.s.s.es.BulkIndexer] index [projectmeasures], type [auth], id [AYDxR7kfxnzouBU4kIH4], message [ClusterBlockException[blocked by: [FORBIDDEN/12/index read-only / allow delete (api)];]]
2022.05.24 18:23:52 ERROR web[][o.s.s.es.BulkIndexer] index [components], type [auth], id [auth_AYD2xCfcFA-lM0ICwSMN], message [ClusterBlockException[blocked by: [FORBIDDEN/12/index read-only / allow delete (api)];]]
2022.05.24 18:23:52 ERROR web[][o.s.s.es.BulkIndexer] index [components], type [auth], id [auth_AYD22uQCxfygDff_0cO7], message [ClusterBlockException[blocked by: [FORBIDDEN/12/index read-only / allow delete (api)];]]
2022.05.24 18:23:52 ERROR web[][o.s.s.es.BulkIndexer] index [components], type [auth], id [auth_AYDxR7kfxnzouBU4kIH4], message [ClusterBlockException[blocked by: [FORBIDDEN/12/index read-only / allow delete (api)];]]
2022.05.24 18:23:52 ERROR web[][o.s.s.es.BulkIndexer] index [components], type [auth], id [auth_AYDdUAp5_7G1xAxUEMYr], message [ClusterBlockException[blocked by: [FORBIDDEN/12/index read-only / allow delete (api)];]]
2022.05.24 18:23:52 ERROR web[][o.s.s.es.BulkIndexer] index [components], type [auth], id [auth_AYDdFlwZBFn_SFp0PhEC], message [ClusterBlockException[blocked by: [FORBIDDEN/12/index read-only / allow delete (api)];]]
2022.05.24 18:23:52 ERROR web[][o.s.s.es.BulkIndexer] index [projectmeasures], type [auth], id [auth_AYD2xCfcFA-lM0ICwSMN], message [ClusterBlockException[blocked by: [FORBIDDEN/12/index read-only / allow delete (api)];]]
2022.05.24 18:23:52 ERROR web[][o.s.s.es.BulkIndexer] index [projectmeasures], type [auth], id [auth_AYD22uQCxfygDff_0cO7], message [ClusterBlockException[blocked by: [FORBIDDEN/12/index read-only / allow delete (api)];]]
2022.05.24 18:23:52 ERROR web[][o.s.s.es.BulkIndexer] index [projectmeasures], type [auth], id [auth_AYDxR7kfxnzouBU4kIH4], message [ClusterBlockException[blocked by: [FORBIDDEN/12/index read-only / allow delete (api)];]]
2022.05.24 18:23:52 ERROR web[][o.s.s.es.BulkIndexer] index [projectmeasures], type [auth], id [auth_AYDdUAp5_7G1xAxUEMYr], message [ClusterBlockException[blocked by: [FORBIDDEN/12/index read-only / allow delete (api)];]]
2022.05.24 18:23:52 ERROR web[][o.s.s.es.BulkIndexer] index [projectmeasures], type [auth], id [auth_AYDdFlwZBFn_SFp0PhEC], message [ClusterBlockException[blocked by: [FORBIDDEN/12/index read-only / allow delete (api)];]]
2022.05.24 18:23:53 ERROR web[][o.s.s.es.BulkIndexer] index [components], type [auth], id [AYD2xCfcFA-lM0ICwSMN], message [ClusterBlockException[blocked by: [FORBIDDEN/12/index read-only / allow delete (api)];]]
2022.05.24 18:23:53 ERROR web[][o.s.s.es.BulkIndexer] index [components], type [auth], id [AYD22uQCxfygDff_0cO7], message [ClusterBlockException[blocked by: [FORBIDDEN/12/index read-only / allow delete (api)];]]
2022.05.24 18:23:53 ERROR web[][o.s.s.es.BulkIndexer] index [components], type [auth], id [AYDxR7kfxnzouBU4kIH4], message [ClusterBlockException[blocked by: [FORBIDDEN/12/index read-only / allow delete (api)];]]
2022.05.24 18:23:53 ERROR web[][o.s.s.es.BulkIndexer] index [components], type [auth], id [AYDxSCvvZpLPgYcKOTTh], message [ClusterBlockException[blocked by: [FORBIDDEN/12/index read-only / allow delete (api)];]]
2022.05.24 18:23:53 ERROR web[][o.s.s.es.BulkIndexer] index [components], type [auth], id [AYDxSCvvZpLPgYcKOTTa], message [ClusterBlockException[blocked by: [FORBIDDEN/12/index read-only / allow delete (api)];]]
2022.05.24 18:23:53 ERROR web[][o.s.s.es.BulkIndexer] index [components], type [auth], id [AYDxSCvvZpLPgYcKOTTX], message [ClusterBlockException[blocked by: [FORBIDDEN/12/index read-only / allow delete (api)];]]
2022.05.24 18:23:53 ERROR web[][o.s.s.es.BulkIndexer] index [components], type [auth], id [AYDxSCvtZpLPgYcKOTTV], message [ClusterBlockException[blocked by: [FORBIDDEN/12/index read-only / allow delete (api)];]]
2022.05.24 18:23:53 ERROR web[][o.s.s.es.BulkIndexer] index [components], type [auth], id [AYDxSCvvZpLPgYcKOTTW], message [ClusterBlockException[blocked by: [FORBIDDEN/12/index read-only / allow delete (api)];]]
2022.05.24 18:23:53 ERROR web[][o.s.s.es.BulkIndexer] index [components], type [auth], id [AYDxSCvvZpLPgYcKOTTZ], message [ClusterBlockException[blocked by: [FORBIDDEN/12/index read-only / allow delete (api)];]]
2022.05.24 18:23:53 ERROR web[][o.s.s.es.BulkIndexer] index [components], type [auth], id [AYDxSCvvZpLPgYcKOTTY], message [ClusterBlockException[blocked by: [FORBIDDEN/12/index read-only / allow delete (api)];]]
2022.05.24 18:23:53 ERROR web[][o.s.s.es.BulkIndexer] index [components], type [auth], id [AYDxSCvvZpLPgYcKOTTd], message [ClusterBlockException[blocked by: [FORBIDDEN/12/index read-only / allow delete (api)];]]
2022.05.24 18:23:53 ERROR web[][o.s.s.es.BulkIndexer] index [components], type [auth], id [AYDxSCvvZpLPgYcKOTTb], message [ClusterBlockException[blocked by: [FORBIDDEN/12/index read-only / allow delete (api)];]]
2022.05.24 18:23:53 ERROR web[][o.s.s.es.BulkIndexer] index [components], type [auth], id [AYDxSCvvZpLPgYcKOTTc], message [ClusterBlockException[blocked by: [FORBIDDEN/12/index read-only / allow delete (api)];]]
2022.05.24 18:23:53 ERROR web[][o.s.s.es.BulkIndexer] index [components], type [auth], id [AYDxSCvvZpLPgYcKOTTe], message [ClusterBlockException[blocked by: [FORBIDDEN/12/index read-only / allow delete (api)];]]
2022.05.24 18:23:53 ERROR web[][o.s.s.es.BulkIndexer] index [components], type [auth], id [AYDxSCvvZpLPgYcKOTTg], message [ClusterBlockException[blocked by: [FORBIDDEN/12/index read-only / allow delete (api)];]]
2022.05.24 18:23:53 ERROR web[][o.s.s.es.BulkIndexer] index [components], type [auth], id [AYDxSCvvZpLPgYcKOTTf], message [ClusterBlockException[blocked by: [FORBIDDEN/12/index read-only / allow delete (api)];]]
2022.05.24 18:23:53 ERROR web[][o.s.s.es.BulkIndexer] index [components], type [auth], id [AYDdUAp5_7G1xAxUEMYr], message [ClusterBlockException[blocked by: [FORBIDDEN/12/index read-only / allow delete (api)];]]
2022.05.24 18:23:53 ERROR web[][o.s.s.es.BulkIndexer] index [components], type [auth], id [AYDdFlwZBFn_SFp0PhEC], message [ClusterBlockException[blocked by: [FORBIDDEN/12/index read-only / allow delete (api)];]]
2022.05.24 18:23:53 ERROR web[][o.s.s.es.BulkIndexer] index [components], type [auth], id [AYDdO7ohr9k8519_yR62], message [ClusterBlockException[blocked by: [FORBIDDEN/12/index read-only / allow delete (api)];]]
2022.05.24 18:23:53 ERROR web[][o.s.s.es.BulkIndexer] index [components], type [auth], id [AYDdO7ogr9k8519_yR6v], message [ClusterBlockException[blocked by: [FORBIDDEN/12/index read-only / allow delete (api)];]]
2022.05.24 18:23:53 ERROR web[][o.s.s.es.BulkIndexer] index [components], type [auth], id [AYDdO7ogr9k8519_yR6s], message [ClusterBlockException[blocked by: [FORBIDDEN/12/index read-only / allow delete (api)];]]
2022.05.24 18:23:53 ERROR web[][o.s.s.es.BulkIndexer] index [components], type [auth], id [AYDdO7oer9k8519_yR6q], message [ClusterBlockException[blocked by: [FORBIDDEN/12/index read-only / allow delete (api)];]]
2022.05.24 18:23:53 ERROR web[][o.s.s.es.BulkIndexer] index [components], type [auth], id [AYDdO7ogr9k8519_yR6r], message [ClusterBlockException[blocked by: [FORBIDDEN/12/index read-only / allow delete (api)];]]
2022.05.24 18:23:53 ERROR web[][o.s.s.es.BulkIndexer] index [components], type [auth], id [AYDdO7ogr9k8519_yR6u], message [ClusterBlockException[blocked by: [FORBIDDEN/12/index read-only / allow delete (api)];]]
2022.05.24 18:23:53 ERROR web[][o.s.s.es.BulkIndexer] index [components], type [auth], id [AYDdO7ogr9k8519_yR6t], message [ClusterBlockException[blocked by: [FORBIDDEN/12/index read-only / allow delete (api)];]]
2022.05.24 18:23:53 ERROR web[][o.s.s.es.BulkIndexer] index [components], type [auth], id [AYDdO7ohr9k8519_yR6y], message [ClusterBlockException[blocked by: [FORBIDDEN/12/index read-only / allow delete (api)];]]
2022.05.24 18:23:53 ERROR web[][o.s.s.es.BulkIndexer] index [components], type [auth], id [AYDdO7ogr9k8519_yR6w], message [ClusterBlockException[blocked by: [FORBIDDEN/12/index read-only / allow delete (api)];]]
2022.05.24 18:23:53 ERROR web[][o.s.s.es.BulkIndexer] index [components], type [auth], id [AYDdO7ohr9k8519_yR6x], message [ClusterBlockException[blocked by: [FORBIDDEN/12/index read-only / allow delete (api)];]]
2022.05.24 18:23:53 ERROR web[][o.s.s.es.BulkIndexer] index [components], type [auth], id [AYDdO7ohr9k8519_yR6z], message [ClusterBlockException[blocked by: [FORBIDDEN/12/index read-only / allow delete (api)];]]
2022.05.24 18:23:53 ERROR web[][o.s.s.es.BulkIndexer] index [components], type [auth], id [AYDdO7ohr9k8519_yR61], message [ClusterBlockException[blocked by: [FORBIDDEN/12/index read-only / allow delete (api)];]]
2022.05.24 18:23:53 ERROR web[][o.s.s.es.BulkIndexer] index [components], type [auth], id [AYDdO7ohr9k8519_yR60], message [ClusterBlockException[blocked by: [FORBIDDEN/12/index read-only / allow delete (api)];]]
2022.05.24 18:23:53 ERROR web[][o.s.s.es.BulkIndexer] index [issues], type [auth], id [AYDxSDJaZpLPgYcKOTTi], message [ClusterBlockException[blocked by: [FORBIDDEN/12/index read-only / allow delete (api)];]]
2022.05.24 18:23:53 ERROR web[][o.s.s.es.BulkIndexer] index [issues], type [auth], id [AYDxSDJaZpLPgYcKOTTj], message [ClusterBlockException[blocked by: [FORBIDDEN/12/index read-only / allow delete (api)];]]
2022.05.24 18:23:53 ERROR web[][o.s.s.es.BulkIndexer] index [issues], type [auth], id [AYDxSDNoZpLPgYcKOTTk], message [ClusterBlockException[blocked by: [FORBIDDEN/12/index read-only / allow delete (api)];]]
2022.05.24 18:23:53 ERROR web[][o.s.s.es.BulkIndexer] index [issues], type [auth], id [AYDdO7__r9k8519_yR63], message [ClusterBlockException[blocked by: [FORBIDDEN/12/index read-only / allow delete (api)];]]
2022.05.24 18:23:53 ERROR web[][o.s.s.es.BulkIndexer] index [issues], type [auth], id [AYDdO8AAr9k8519_yR64], message [ClusterBlockException[blocked by: [FORBIDDEN/12/index read-only / allow delete (api)];]]
2022.05.24 18:23:53 ERROR web[][o.s.s.es.BulkIndexer] index [issues], type [auth], id [AYDdO8B-r9k8519_yR65], message [ClusterBlockException[blocked by: [FORBIDDEN/12/index read-only / allow delete (api)];]]
2022.05.24 18:23:53 ERROR web[][o.s.s.e.RecoveryIndexer] Elasticsearch recovery - too many failures [57/57 documents], waiting for next run
2022.05.24 18:23:53 INFO  web[][o.s.s.e.RecoveryIndexer] Elasticsearch recovery - 57 documents processed [57 failures] | time=625ms
2022.05.24 18:25:27 ERROR web[][o.s.s.es.BulkIndexer] index [components], type [auth], id [AYD24zSyI5p-0g4bIEA4], message [ClusterBlockException[blocked by: [FORBIDDEN/12/index read-only / allow delete (api)];]]
2022.05.24 18:25:27 ERROR web[][o.s.s.es.BulkIndexer] index [projectmeasures], type [auth], id [AYD24zSyI5p-0g4bIEA4], message [ClusterBlockException[blocked by: [FORBIDDEN/12/index read-only / allow delete (api)];]]
2022.05.24 18:25:27 ERROR web[][o.s.s.es.BulkIndexer] index [issues], type [auth], id [auth_AYD24zSyI5p-0g4bIEA4], message [ClusterBlockException[blocked by: [FORBIDDEN/12/index read-only / allow delete (api)];]]
2022.05.24 18:25:27 ERROR web[][o.s.s.es.BulkIndexer] index [components], type [auth], id [auth_AYD24zSyI5p-0g4bIEA4], message [ClusterBlockException[blocked by: [FORBIDDEN/12/index read-only / allow delete (api)];]]
2022.05.24 18:25:27 ERROR web[][o.s.s.es.BulkIndexer] index [projectmeasures], type [auth], id [auth_AYD24zSyI5p-0g4bIEA4], message [ClusterBlockException[blocked by: [FORBIDDEN/12/index read-only / allow delete (api)];]]
